DEPRECATION WARNING: RAILS_ROOT is deprecated. Please use ::Rails.root.to_s. (called from <top (required)> at /Users/parishphilp/Sites/cherry_tree/config/initializers/attachments.rb:1)
DEPRECATION WARNING: RAILS_ROOT is deprecated. Please use ::Rails.root.to_s. (called from <top (required)> at /Users/parishphilp/Sites/cherry_tree/config/initializers/attachments.rb:1)
DEPRECATION WARNING: RAILS_ROOT is deprecated. Please use ::Rails.root.to_s. (called from <top (required)> at /Users/parishphilp/Sites/cherry_tree/config/initializers/attachments.rb:1)
DEPRECATION WARNING: RAILS_ROOT is deprecated. Please use ::Rails.root.to_s. (called from <top (required)> at /Users/parishphilp/Sites/cherry_tree/config/initializers/attachments.rb:1)
  [1m[36mSQL (0.3ms)[0m  [1mSHOW TABLES[0m
  [1m[35mSQL (206.4ms)[0m  CREATE TABLE `schema_migrations` (`version` varchar(255) NOT NULL) ENGINE=InnoDB
  [1m[36mSQL (0.6ms)[0m  [1mSHOW KEYS FROM `schema_migrations`[0m
  [1m[35mSQL (243.6ms)[0m  CREATE UNIQUE INDEX `unique_schema_migrations` ON `schema_migrations` (`version`)
  [1m[36mSQL (0.4ms)[0m  [1mSHOW TABLES[0m
  [1m[35mSQL (0.4ms)[0m  SHOW TABLES
  [1m[36mSQL (0.2ms)[0m  [1mSELECT `schema_migrations`.`version` FROM `schema_migrations`[0m
Migrating to CreateSlugs (20101125222035)
  [1m[35mSQL (0.4ms)[0m  SHOW TABLES
  [1m[36mSQL (101.7ms)[0m  [1mCREATE TABLE `slugs` (`id` int(11) DEFAULT NULL auto_increment PRIMARY KEY, `name` varchar(255), `sluggable_id` int(11), `sequence` int(11) DEFAULT 1 NOT NULL, `sluggable_type` varchar(40), `scope` varchar(255), `created_at` datetime) ENGINE=InnoDB[0m
  [1m[35mSQL (27.7ms)[0m  SHOW KEYS FROM `slugs`
  [1m[36mSQL (157.1ms)[0m  [1mCREATE INDEX `index_slugs_on_sluggable_id` ON `slugs` (`sluggable_id`)[0m
  [1m[35mSQL (0.6ms)[0m  SHOW KEYS FROM `slugs`
  [1m[36mSQL (120.9ms)[0m  [1mCREATE UNIQUE INDEX `index_slugs_on_n_s_s_and_s` ON `slugs` (`name`, `sluggable_type`, `sequence`, `scope`)[0m
  [1m[35mSQL (1.0ms)[0m  describe `schema_migrations`
  [1m[36mSQL (0.7ms)[0m  [1mINSERT INTO `schema_migrations` (`version`) VALUES ('20101125222035')[0m
Migrating to Users (20101125222206)
  [1m[35mSQL (0.4ms)[0m  SHOW TABLES
  [1m[36mSQL (94.0ms)[0m  [1mCREATE TABLE `relations` (`id` int(11) DEFAULT NULL auto_increment PRIMARY KEY, `child_id` int(11), `user_id` int(11), `role` varchar(255), `status` varchar(255), `created_at` datetime, `updated_at` datetime) ENGINE=InnoDB[0m
  [1m[35mSQL (0.4ms)[0m  SHOW TABLES
  [1m[36mSQL (122.0ms)[0m  [1mCREATE TABLE `facebook_accounts` (`id` int(11) DEFAULT NULL auto_increment PRIMARY KEY, `owner_id` int(11), `owner_type` varchar(255), `name` varchar(255), `fb_id` varchar(255), `fb_token` varchar(255), `status` varchar(255), `created_at` datetime, `updated_at` datetime) ENGINE=InnoDB[0m
  [1m[35mSQL (0.5ms)[0m  SHOW TABLES
  [1m[36mSQL (131.4ms)[0m  [1mCREATE TABLE `roles` (`id` int(11) DEFAULT NULL auto_increment PRIMARY KEY, `site_id` int(11), `user_id` int(11), `role` varchar(255), `created_at` datetime, `updated_at` datetime) ENGINE=InnoDB[0m
  [1m[35mSQL (0.5ms)[0m  SHOW TABLES
  [1m[36mSQL (114.2ms)[0m  [1mCREATE TABLE `twitter_accounts` (`id` int(11) DEFAULT NULL auto_increment PRIMARY KEY, `owner_id` int(11), `owner_type` varchar(255), `twit_id` varchar(255), `token` varchar(255), `secret` varchar(255), `name` varchar(255), `status` varchar(255) DEFAULT 'active', `created_at` datetime, `updated_at` datetime) ENGINE=InnoDB[0m
  [1m[35mSQL (0.7ms)[0m  SHOW TABLES
  [1m[36mSQL (113.7ms)[0m  [1mCREATE TABLE `users` (`id` int(11) DEFAULT NULL auto_increment PRIMARY KEY, `type` varchar(255), `registered_by_id` int(11), `email` varchar(255), `name` varchar(255), `score` int(11) DEFAULT 0, `birthday` datetime, `gender` varchar(255), `points_earned` int(11) DEFAULT 0, `points_balance` int(11) DEFAULT 0, `level` int(11) DEFAULT 0, `website_name` varchar(255), `website_url` varchar(255), `bio` text, `hashed_password` varchar(255), `salt` varchar(255), `remember_token` varchar(255), `remember_token_expires_at` datetime, `activation_code` varchar(255), `activated_at` datetime, `invitation_code` varchar(255), `status` varchar(255) DEFAULT 'first', `cached_slug` varchar(255), `orig_ip` varchar(255), `last_ip` varchar(255), `created_at` datetime, `updated_at` datetime) ENGINE=InnoDB[0m
  [1m[35mSQL (0.5ms)[0m  SHOW KEYS FROM `users`
  [1m[36mSQL (137.4ms)[0m  [1mCREATE INDEX `index_users_on_name` ON `users` (`name`)[0m
  [1m[35mSQL (0.5ms)[0m  SHOW KEYS FROM `relations`
  [1m[36mSQL (189.5ms)[0m  [1mCREATE INDEX `index_relations_on_child_id` ON `relations` (`child_id`)[0m
  [1m[35mSQL (0.4ms)[0m  SHOW KEYS FROM `relations`
  [1m[36mSQL (189.4ms)[0m  [1mCREATE INDEX `index_relations_on_user_id` ON `relations` (`user_id`)[0m
  [1m[35mSQL (0.6ms)[0m  SHOW KEYS FROM `users`
  [1m[36mSQL (231.3ms)[0m  [1mCREATE UNIQUE INDEX `index_users_on_email` ON `users` (`email`)[0m
  [1m[35mSQL (0.6ms)[0m  SHOW KEYS FROM `users`
  [1m[36mSQL (173.0ms)[0m  [1mCREATE INDEX `index_users_on_activation_code` ON `users` (`activation_code`)[0m
  [1m[35mSQL (0.7ms)[0m  SHOW KEYS FROM `users`
  [1m[36mSQL (183.1ms)[0m  [1mCREATE INDEX `index_users_on_remember_token` ON `users` (`remember_token`)[0m
  [1m[35mSQL (0.5ms)[0m  SHOW KEYS FROM `facebook_accounts`
  [1m[36mSQL (124.8ms)[0m  [1mCREATE INDEX `index_facebook_accounts_on_owner_id` ON `facebook_accounts` (`owner_id`)[0m
  [1m[35mSQL (0.5ms)[0m  SHOW KEYS FROM `twitter_accounts`
  [1m[36mSQL (152.9ms)[0m  [1mCREATE INDEX `index_twitter_accounts_on_owner_id` ON `twitter_accounts` (`owner_id`)[0m
  [1m[35mSQL (9.5ms)[0m  INSERT INTO `schema_migrations` (`version`) VALUES ('20101125222206')
Migrating to AttachmentsMigration (20101126194704)
  [1m[36mSQL (0.6ms)[0m  [1mSHOW TABLES[0m
  [1m[35mSQL (130.2ms)[0m  CREATE TABLE `attachments` (`id` int(11) DEFAULT NULL auto_increment PRIMARY KEY, `owner_id` int(11) NOT NULL, `owner_type` varchar(255) NOT NULL, `attachment_type` varchar(255), `name` varchar(255), `format` varchar(255), `path` varchar(255), `filesize` varchar(255), `origin` varchar(255), `ip` varchar(255), `remote` tinyint(1) DEFAULT 0, `status` varchar(255) DEFAULT 'active', `created_at` datetime, `updated_at` datetime) ENGINE=InnoDB
  [1m[36mSQL (0.5ms)[0m  [1mSHOW KEYS FROM `attachments`[0m
  [1m[35mSQL (143.3ms)[0m  CREATE INDEX `fk_owner` ON `attachments` (`owner_id`, `owner_type`)
  [1m[36mSQL (1.5ms)[0m  [1mINSERT INTO `schema_migrations` (`version`) VALUES ('20101126194704')[0m
Migrating to FollowItMigration (20101126194845)
  [1m[35mSQL (0.7ms)[0m  SHOW TABLES
  [1m[36mSQL (117.5ms)[0m  [1mCREATE TABLE `follows` (`id` int(11) DEFAULT NULL auto_increment PRIMARY KEY, `followed_id` int(11) NOT NULL, `followed_type` varchar(255) NOT NULL, `follower_id` int(11) NOT NULL, `follower_type` varchar(255) NOT NULL, `status` varchar(255) DEFAULT 'active', `follow_type` varchar(255), `created_at` datetime, `updated_at` datetime) ENGINE=InnoDB[0m
  [1m[35mSQL (0.5ms)[0m  SHOW KEYS FROM `follows`
  [1m[36mSQL (164.0ms)[0m  [1mCREATE INDEX `fk_follows` ON `follows` (`follower_id`, `follower_type`)[0m
  [1m[35mSQL (0.5ms)[0m  SHOW KEYS FROM `follows`
  [1m[36mSQL (148.5ms)[0m  [1mCREATE INDEX `fk_followed` ON `follows` (`followed_id`, `followed_type`)[0m
  [1m[35mSQL (2.9ms)[0m  INSERT INTO `schema_migrations` (`version`) VALUES ('20101126194845')
Migrating to ActivityFeedMigration (20101126194924)
  [1m[36mSQL (0.6ms)[0m  [1mSHOW TABLES[0m
  [1m[35mSQL (128.0ms)[0m  CREATE TABLE `activities` (`id` int(11) DEFAULT NULL auto_increment PRIMARY KEY, `actor_id` int(11) NOT NULL, `actor_type` varchar(255) NOT NULL, `target_id` int(11) NOT NULL, `target_type` varchar(255) NOT NULL, `verb` varchar(255), `activity_type` varchar(255), `status` varchar(255) DEFAULT 'active', `created_at` datetime, `updated_at` datetime) ENGINE=InnoDB
  [1m[36mSQL (0.5ms)[0m  [1mSHOW KEYS FROM `activities`[0m
  [1m[35mSQL (133.2ms)[0m  CREATE INDEX `fk_actor` ON `activities` (`actor_id`, `actor_type`)
  [1m[36mSQL (0.9ms)[0m  [1mSHOW KEYS FROM `activities`[0m
  [1m[35mSQL (143.1ms)[0m  CREATE INDEX `fk_target` ON `activities` (`target_id`, `target_type`)
  [1m[36mSQL (1.4ms)[0m  [1mINSERT INTO `schema_migrations` (`version`) VALUES ('20101126194924')[0m
Migrating to SiteBase (20101127002241)
  [1m[35mSQL (0.6ms)[0m  SHOW TABLES
  [1m[36mSQL (428.3ms)[0m  [1mCREATE TABLE `contacts` (`id` int(11) DEFAULT NULL auto_increment PRIMARY KEY, `site_id` int(11), `email` varchar(255), `subject` varchar(255), `ip` varchar(255), `crash_id` int(11), `content` text, `created_at` datetime, `updated_at` datetime) ENGINE=InnoDB[0m
  [1m[35mSQL (2.5ms)[0m  SHOW TABLES
  [1m[36mSQL (120.9ms)[0m  [1mCREATE TABLE `crashes` (`id` int(11) DEFAULT NULL auto_increment PRIMARY KEY, `site_id` int(11), `message` varchar(255), `requested_url` varchar(255), `referrer` varchar(255), `backtrace` text, `created_at` datetime, `updated_at` datetime) ENGINE=InnoDB[0m
  [1m[35mSQL (0.6ms)[0m  SHOW TABLES
  [1m[36mSQL (122.5ms)[0m  [1mCREATE TABLE `raw_stats` (`id` int(11) DEFAULT NULL auto_increment PRIMARY KEY, `statable_id` int(11), `statable_type` varchar(255), `name` varchar(255), `ip` varchar(255), `count` int(11) DEFAULT 0, `extra_data` varchar(255), `created_at` datetime, `updated_at` datetime) ENGINE=InnoDB[0m
  [1m[35mSQL (123.6ms)[0m  CREATE TABLE `sites` (`id` int(11) DEFAULT NULL auto_increment PRIMARY KEY, `name` varchar(255), `domain` varchar(255), `status` varchar(255) DEFAULT 'active', `created_at` datetime, `updated_at` datetime) ENGINE=InnoDB
  [1m[36mSQL (0.7ms)[0m  [1mSHOW TABLES[0m
  [1m[35mSQL (122.6ms)[0m  CREATE TABLE `static_pages` (`id` int(11) DEFAULT NULL auto_increment PRIMARY KEY, `site_id` int(11), `title` varchar(255), `description` varchar(255), `permalink` varchar(255), `redirect_path` varchar(255), `content` text, `created_at` datetime, `updated_at` datetime) ENGINE=InnoDB
  [1m[36mSQL (0.5ms)[0m  [1mSHOW KEYS FROM `contacts`[0m
  [1m[35mSQL (133.4ms)[0m  CREATE INDEX `index_contacts_on_email` ON `contacts` (`email`)
  [1m[36mSQL (0.5ms)[0m  [1mSHOW KEYS FROM `contacts`[0m
  [1m[35mSQL (147.5ms)[0m  CREATE INDEX `index_contacts_on_crash_id` ON `contacts` (`crash_id`)
  [1m[36mSQL (0.4ms)[0m  [1mSHOW KEYS FROM `raw_stats`[0m
  [1m[35mSQL (180.7ms)[0m  CREATE INDEX `index_raw_stats_on_statable_id` ON `raw_stats` (`statable_id`)
  [1m[36mSQL (0.4ms)[0m  [1mSHOW KEYS FROM `sites`[0m
  [1m[35mSQL (125.0ms)[0m  CREATE INDEX `index_sites_on_domain` ON `sites` (`domain`)
  [1m[36mSQL (0.6ms)[0m  [1mSHOW KEYS FROM `static_pages`[0m
  [1m[35mSQL (106.5ms)[0m  CREATE INDEX `index_static_pages_on_site_id` ON `static_pages` (`site_id`)
  [1m[36mSQL (0.6ms)[0m  [1mSHOW KEYS FROM `static_pages`[0m
  [1m[35mSQL (107.0ms)[0m  CREATE INDEX `index_static_pages_on_permalink` ON `static_pages` (`permalink`)
  [1m[36mSQL (0.8ms)[0m  [1mINSERT INTO `schema_migrations` (`version`) VALUES ('20101127002241')[0m
Migrating to GameStuff (20101127174142)
  [1m[35mSQL (0.8ms)[0m  SHOW TABLES
  [1m[36mSQL (108.9ms)[0m  [1mCREATE TABLE `objectives` (`id` int(11) DEFAULT NULL auto_increment PRIMARY KEY, `name` varchar(255), `creator_id` int(11), `description` text, `objective_type` varchar(255), `due_at` datetime, `times` int(11), `period` varchar(255), `req_checkin` tinyint(1) DEFAULT 1, `req_confirm` tinyint(1) DEFAULT 0, `points` int(11) DEFAULT 1, `level` int(11), `created_at` datetime, `updated_at` datetime) ENGINE=InnoDB[0m
  [1m[35mSQL (0.8ms)[0m  SHOW TABLES
  [1m[36mSQL (130.3ms)[0m  [1mCREATE TABLE `assignments` (`id` int(11) DEFAULT NULL auto_increment PRIMARY KEY, `user_id` int(11), `objective_id` int(11), `assigned_by_id` int(11), `created_at` datetime, `updated_at` datetime) ENGINE=InnoDB[0m
  [1m[35mSQL (0.8ms)[0m  SHOW TABLES
  [1m[36mSQL (114.1ms)[0m  [1mCREATE TABLE `unlockables` (`id` int(11) DEFAULT NULL auto_increment PRIMARY KEY, `objective_id` int(11), `name` varchar(255), `description` text, `asin` varchar(255), `points` int(11), `level` int(11) DEFAULT 0, `created_at` datetime, `updated_at` datetime) ENGINE=InnoDB[0m
  [1m[35mSQL (1.0ms)[0m  SHOW TABLES
  [1m[36mSQL (113.8ms)[0m  [1mCREATE TABLE `ownings` (`id` int(11) DEFAULT NULL auto_increment PRIMARY KEY, `user_id` int(11), `unlockable_id` int(11), `created_at` datetime, `updated_at` datetime) ENGINE=InnoDB[0m
  [1m[35mSQL (1.0ms)[0m  SHOW TABLES
  [1m[36mSQL (180.0ms)[0m  [1mCREATE TABLE `earnings` (`id` int(11) DEFAULT NULL auto_increment PRIMARY KEY, `user_id` int(11), `earned_for_id` int(11), `earned_for_type` varchar(255), `points` int(11) DEFAULT 1, `created_at` datetime, `updated_at` datetime) ENGINE=InnoDB[0m
  [1m[35mSQL (1.8ms)[0m  SHOW TABLES
  [1m[36mSQL (162.1ms)[0m  [1mCREATE TABLE `checkins` (`id` int(11) DEFAULT NULL auto_increment PRIMARY KEY, `user_id` int(11), `content` varchar(255), `objective_id` int(11), `status` varchar(255) DEFAULT 'did_not', `confirmed_by` int(11), `confirmed_at` datetime, `created_at` datetime, `updated_at` datetime) ENGINE=InnoDB[0m
  [1m[35mSQL (1.1ms)[0m  SHOW TABLES
  [1m[36mSQL (122.3ms)[0m  [1mCREATE TABLE `docs` (`id` int(11) DEFAULT NULL auto_increment PRIMARY KEY, `title` varchar(255), `content` text, `status` varchar(255), `created_at` datetime, `updated_at` datetime) ENGINE=InnoDB[0m
  [1m[35mSQL (1.3ms)[0m  SHOW TABLES
  [1m[36mSQL (163.0ms)[0m  [1mCREATE TABLE `reviews` (`id` int(11) DEFAULT NULL auto_increment PRIMARY KEY, `reviewable_id` int(11), `reviewable_type` varchar(255), `user_id` int(11), `score` int(11), `content` text, `created_at` datetime, `updated_at` datetime) ENGINE=InnoDB[0m
  [1m[35mSQL (1.1ms)[0m  SHOW TABLES
  [1m[36mSQL (121.3ms)[0m  [1mCREATE TABLE `messages` (`id` int(11) DEFAULT NULL auto_increment PRIMARY KEY, `sender_id` int(11), `sender_type` varchar(255), `recipient_id` int(11), `recipient_type` varchar(255), `subject` varchar(255), `content` text, `points` int(11) DEFAULT 0, `created_at` datetime, `updated_at` datetime) ENGINE=InnoDB[0m
  [1m[35mSQL (1.0ms)[0m  SHOW TABLES
  [1m[36mSQL (113.6ms)[0m  [1mCREATE TABLE `games` (`id` int(11) DEFAULT NULL auto_increment PRIMARY KEY, `name` varchar(255), `created_by_id` int(11), `description` text, `content` text, `points` int(11) DEFAULT 0, `level` int(11), `game_type` varchar(255), `created_at` datetime, `updated_at` datetime) ENGINE=InnoDB[0m
  [1m[35mSQL (1.1ms)[0m  SHOW TABLES
  [1m[36mSQL (122.2ms)[0m  [1mCREATE TABLE `playings` (`id` int(11) DEFAULT NULL auto_increment PRIMARY KEY, `game_id` int(11), `user_id` int(11), `score` int(11), `created_at` datetime, `updated_at` datetime) ENGINE=InnoDB[0m
  [1m[35mSQL (1.1ms)[0m  SHOW TABLES
  [1m[36mSQL (121.9ms)[0m  [1mCREATE TABLE `quizzes` (`id` int(11) DEFAULT NULL auto_increment PRIMARY KEY, `name` varchar(255), `created_by_id` int(11), `description` text, `points` int(11) DEFAULT 0, `level` int(11), `quiz_type` varchar(255), `created_at` datetime, `updated_at` datetime) ENGINE=InnoDB[0m
  [1m[35mSQL (1.2ms)[0m  SHOW TABLES
  [1m[36mSQL (138.0ms)[0m  [1mCREATE TABLE `questions` (`id` int(11) DEFAULT NULL auto_increment PRIMARY KEY, `quiz_id` int(11), `content` text, `extra_content` varchar(255), `points` int(11) DEFAULT 0, `seq` int(11), `created_at` datetime, `updated_at` datetime) ENGINE=InnoDB[0m
  [1m[35mSQL (1.2ms)[0m  SHOW TABLES
  [1m[36mSQL (139.4ms)[0m  [1mCREATE TABLE `answers` (`id` int(11) DEFAULT NULL auto_increment PRIMARY KEY, `question_id` int(11), `content` text, `correct` tinyint(1), `created_at` datetime, `updated_at` datetime) ENGINE=InnoDB[0m
  [1m[35mSQL (1.2ms)[0m  SHOW TABLES
  [1m[36mSQL (138.0ms)[0m  [1mCREATE TABLE `quizzings` (`id` int(11) DEFAULT NULL auto_increment PRIMARY KEY, `quiz_id` int(11), `user_id` int(11), `question_id` int(11), `score` int(11), `created_at` datetime, `updated_at` datetime) ENGINE=InnoDB[0m
  [1m[35mSQL (1.2ms)[0m  SHOW TABLES
  [1m[36mSQL (113.5ms)[0m  [1mCREATE TABLE `answerings` (`id` int(11) DEFAULT NULL auto_increment PRIMARY KEY, `quizzing_id` int(11), `question_id` int(11), `answer_id` int(11), `response` text, `created_at` datetime, `updated_at` datetime) ENGINE=InnoDB[0m
  [1m[35mSQL (0.4ms)[0m  INSERT INTO `schema_migrations` (`version`) VALUES ('20101127174142')
Migrating to Forums (20101208055050)
  [1m[36mSQL (1.2ms)[0m  [1mSHOW TABLES[0m
  [1m[35mSQL (123.2ms)[0m  CREATE TABLE `forums` (`id` int(11) DEFAULT NULL auto_increment PRIMARY KEY, `owner_id` int(11), `owner_type` varchar(255), `title` varchar(255), `availability` varchar(255), `description` varchar(255), `cached_slug` varchar(255), `created_at` datetime, `updated_at` datetime) ENGINE=InnoDB
  [1m[36mSQL (1.3ms)[0m  [1mSHOW TABLES[0m
  [1m[35mSQL (121.3ms)[0m  CREATE TABLE `posts` (`id` int(11) DEFAULT NULL auto_increment PRIMARY KEY, `forum_id` int(11), `topic_id` int(11), `reply_to_post_id` int(11), `user_id` int(11), `title` varchar(255), `content` text, `view_count` int(11) DEFAULT 0, `ip` varchar(255), `type` varchar(255), `cached_slug` varchar(255), `created_at` datetime, `updated_at` datetime) ENGINE=InnoDB
  [1m[36mSQL (0.6ms)[0m  [1mSHOW KEYS FROM `forums`[0m
  [1m[35mSQL (138.8ms)[0m  CREATE INDEX `index_forums_on_owner_id` ON `forums` (`owner_id`)
  [1m[36mSQL (0.4ms)[0m  [1mSHOW KEYS FROM `forums`[0m
  [1m[35mSQL (140.1ms)[0m  CREATE UNIQUE INDEX `index_forums_on_cached_slug` ON `forums` (`cached_slug`)
  [1m[36mSQL (0.4ms)[0m  [1mSHOW KEYS FROM `posts`[0m
  [1m[35mSQL (148.4ms)[0m  CREATE INDEX `index_posts_on_forum_id` ON `posts` (`forum_id`)
  [1m[36mSQL (0.6ms)[0m  [1mSHOW KEYS FROM `posts`[0m
  [1m[35mSQL (139.9ms)[0m  CREATE INDEX `index_posts_on_topic_id` ON `posts` (`topic_id`)
  [1m[36mSQL (0.5ms)[0m  [1mSHOW KEYS FROM `posts`[0m
  [1m[35mSQL (149.1ms)[0m  CREATE INDEX `index_posts_on_reply_to_post_id` ON `posts` (`reply_to_post_id`)
  [1m[36mSQL (0.5ms)[0m  [1mSHOW KEYS FROM `posts`[0m
  [1m[35mSQL (126.0ms)[0m  CREATE INDEX `index_posts_on_user_id` ON `posts` (`user_id`)
  [1m[36mSQL (0.7ms)[0m  [1mSHOW KEYS FROM `posts`[0m
  [1m[35mSQL (136.3ms)[0m  CREATE UNIQUE INDEX `index_posts_on_cached_slug` ON `posts` (`cached_slug`)
  [1m[36mSQL (0.4ms)[0m  [1mINSERT INTO `schema_migrations` (`version`) VALUES ('20101208055050')[0m
Migrating to Blog (20101208063306)
  [1m[35mSQL (1.4ms)[0m  SHOW TABLES
  [1m[36mSQL (121.1ms)[0m  [1mCREATE TABLE `articles` (`id` int(11) DEFAULT NULL auto_increment PRIMARY KEY, `owner_id` int(11), `owner_type` varchar(255), `title` varchar(255), `snip_at` int(11), `view_count` int(11) DEFAULT 0, `content` text, `excerpt` text, `status` varchar(255) DEFAULT 'publish', `comments_allowed` tinyint(1), `publish_at` datetime, `article_type` varchar(255), `cached_slug` varchar(255), `created_at` datetime, `updated_at` datetime) ENGINE=InnoDB[0m
  [1m[35mSQL (1.5ms)[0m  SHOW TABLES
  [1m[36mSQL (129.0ms)[0m  [1mCREATE TABLE `comments` (`id` int(11) DEFAULT NULL auto_increment PRIMARY KEY, `user_id` int(11), `commentable_id` int(11), `commentable_type` varchar(255), `reply_to_comment_id` int(11), `ip` varchar(255), `content` text, `created_at` datetime, `updated_at` datetime) ENGINE=InnoDB[0m
  [1m[35mSQL (0.5ms)[0m  SHOW KEYS FROM `articles`
  [1m[36mSQL (141.6ms)[0m  [1mCREATE INDEX `index_articles_on_owner_id` ON `articles` (`owner_id`)[0m
  [1m[35mSQL (0.5ms)[0m  SHOW KEYS FROM `articles`
  [1m[36mSQL (146.9ms)[0m  [1mCREATE UNIQUE INDEX `index_articles_on_cached_slug` ON `articles` (`cached_slug`)[0m
  [1m[35mSQL (0.5ms)[0m  SHOW KEYS FROM `comments`
  [1m[36mSQL (117.2ms)[0m  [1mCREATE INDEX `index_comments_on_user_id` ON `comments` (`user_id`)[0m
  [1m[35mSQL (0.5ms)[0m  SHOW KEYS FROM `comments`
  [1m[36mSQL (130.0ms)[0m  [1mCREATE INDEX `index_comments_on_commentable_id` ON `comments` (`commentable_id`)[0m
  [1m[35mSQL (0.4ms)[0m  SHOW KEYS FROM `comments`
  [1m[36mSQL (233.1ms)[0m  [1mCREATE INDEX `index_comments_on_reply_to_comment_id` ON `comments` (`reply_to_comment_id`)[0m
  [1m[35mSQL (1.4ms)[0m  INSERT INTO `schema_migrations` (`version`) VALUES ('20101208063306')
Migrating to Taggable (20101209043322)
  [1m[36mSQL (1.5ms)[0m  [1mSHOW TABLES[0m
  [1m[35mSQL (316.3ms)[0m  CREATE TABLE `tags` (`id` int(11) DEFAULT NULL auto_increment PRIMARY KEY, `name` varchar(255)) ENGINE=InnoDB
  [1m[36mSQL (1.5ms)[0m  [1mSHOW TABLES[0m
  [1m[35mSQL (219.2ms)[0m  CREATE TABLE `taggings` (`id` int(11) DEFAULT NULL auto_increment PRIMARY KEY, `tag_id` int(11), `taggable_id` int(11), `taggable_type` varchar(255), `tagger_id` int(11), `tagger_type` varchar(255), `context` varchar(255), `created_at` datetime) ENGINE=InnoDB
  [1m[36mSQL (0.5ms)[0m  [1mSHOW KEYS FROM `taggings`[0m
  [1m[35mSQL (305.6ms)[0m  CREATE INDEX `index_taggings_on_tag_id` ON `taggings` (`tag_id`)
  [1m[36mSQL (0.5ms)[0m  [1mSHOW KEYS FROM `taggings`[0m
  [1m[35mSQL (168.0ms)[0m  CREATE INDEX `index_taggings_on_taggable_id_and_taggable_type_and_context` ON `taggings` (`taggable_id`, `taggable_type`, `context`)
  [1m[36mSQL (1.0ms)[0m  [1mINSERT INTO `schema_migrations` (`version`) VALUES ('20101209043322')[0m
  [1m[35mSQL (1.3ms)[0m  SHOW TABLES
  [1m[36mSQL (0.2ms)[0m  [1mSELECT `schema_migrations`.`version` FROM `schema_migrations`[0m
  [1m[35mSQL (1.1ms)[0m  SHOW TABLES
  [1m[36mSQL (1.0ms)[0m  [1mdescribe `activities`[0m
  [1m[35mSQL (0.2ms)[0m  SHOW KEYS FROM `activities`
  [1m[36mSQL (1.1ms)[0m  [1mdescribe `answerings`[0m
  [1m[35mSQL (0.3ms)[0m  SHOW KEYS FROM `answerings`
  [1m[36mSQL (1.4ms)[0m  [1mdescribe `answers`[0m
  [1m[35mSQL (0.3ms)[0m  SHOW KEYS FROM `answers`
  [1m[36mSQL (1.1ms)[0m  [1mdescribe `articles`[0m
  [1m[35mSQL (0.3ms)[0m  SHOW KEYS FROM `articles`
  [1m[36mSQL (1.0ms)[0m  [1mdescribe `assignments`[0m
  [1m[35mSQL (0.2ms)[0m  SHOW KEYS FROM `assignments`
  [1m[36mSQL (1.5ms)[0m  [1mdescribe `attachments`[0m
  [1m[35mSQL (0.2ms)[0m  SHOW KEYS FROM `attachments`
  [1m[36mSQL (1.2ms)[0m  [1mdescribe `checkins`[0m
  [1m[35mSQL (0.2ms)[0m  SHOW KEYS FROM `checkins`
  [1m[36mSQL (1.7ms)[0m  [1mdescribe `comments`[0m
  [1m[35mSQL (0.3ms)[0m  SHOW KEYS FROM `comments`
  [1m[36mSQL (1.3ms)[0m  [1mdescribe `contacts`[0m
  [1m[35mSQL (0.3ms)[0m  SHOW KEYS FROM `contacts`
  [1m[36mSQL (1.1ms)[0m  [1mdescribe `crashes`[0m
  [1m[35mSQL (0.3ms)[0m  SHOW KEYS FROM `crashes`
  [1m[36mSQL (1.2ms)[0m  [1mdescribe `docs`[0m
  [1m[35mSQL (0.3ms)[0m  SHOW KEYS FROM `docs`
  [1m[36mSQL (1.0ms)[0m  [1mdescribe `earnings`[0m
  [1m[35mSQL (0.3ms)[0m  SHOW KEYS FROM `earnings`
  [1m[36mSQL (1.3ms)[0m  [1mdescribe `facebook_accounts`[0m
  [1m[35mSQL (0.4ms)[0m  SHOW KEYS FROM `facebook_accounts`
  [1m[36mSQL (1.2ms)[0m  [1mdescribe `follows`[0m
  [1m[35mSQL (0.3ms)[0m  SHOW KEYS FROM `follows`
  [1m[36mSQL (3.7ms)[0m  [1mdescribe `forums`[0m
  [1m[35mSQL (0.3ms)[0m  SHOW KEYS FROM `forums`
  [1m[36mSQL (1.1ms)[0m  [1mdescribe `games`[0m
  [1m[35mSQL (3.4ms)[0m  SHOW KEYS FROM `games`
  [1m[36mSQL (1.2ms)[0m  [1mdescribe `messages`[0m
  [1m[35mSQL (0.2ms)[0m  SHOW KEYS FROM `messages`
  [1m[36mSQL (2.1ms)[0m  [1mdescribe `objectives`[0m
  [1m[35mSQL (0.6ms)[0m  SHOW KEYS FROM `objectives`
  [1m[36mSQL (1.2ms)[0m  [1mdescribe `ownings`[0m
  [1m[35mSQL (0.2ms)[0m  SHOW KEYS FROM `ownings`
  [1m[36mSQL (1.2ms)[0m  [1mdescribe `playings`[0m
  [1m[35mSQL (0.2ms)[0m  SHOW KEYS FROM `playings`
  [1m[36mSQL (1.3ms)[0m  [1mdescribe `posts`[0m
  [1m[35mSQL (0.4ms)[0m  SHOW KEYS FROM `posts`
  [1m[36mSQL (1.1ms)[0m  [1mdescribe `questions`[0m
  [1m[35mSQL (0.3ms)[0m  SHOW KEYS FROM `questions`
  [1m[36mSQL (17.7ms)[0m  [1mdescribe `quizzes`[0m
  [1m[35mSQL (0.2ms)[0m  SHOW KEYS FROM `quizzes`
  [1m[36mSQL (4.3ms)[0m  [1mdescribe `quizzings`[0m
  [1m[35mSQL (0.2ms)[0m  SHOW KEYS FROM `quizzings`
  [1m[36mSQL (6.2ms)[0m  [1mdescribe `raw_stats`[0m
  [1m[35mSQL (0.3ms)[0m  SHOW KEYS FROM `raw_stats`
  [1m[36mSQL (1.1ms)[0m  [1mdescribe `relations`[0m
  [1m[35mSQL (0.3ms)[0m  SHOW KEYS FROM `relations`
  [1m[36mSQL (1.1ms)[0m  [1mdescribe `reviews`[0m
  [1m[35mSQL (0.3ms)[0m  SHOW KEYS FROM `reviews`
  [1m[36mSQL (1.1ms)[0m  [1mdescribe `roles`[0m
  [1m[35mSQL (0.2ms)[0m  SHOW KEYS FROM `roles`
  [1m[36mSQL (1.1ms)[0m  [1mdescribe `sites`[0m
  [1m[35mSQL (0.3ms)[0m  SHOW KEYS FROM `sites`
  [1m[36mSQL (42.0ms)[0m  [1mdescribe `slugs`[0m
  [1m[35mSQL (0.3ms)[0m  SHOW KEYS FROM `slugs`
  [1m[36mSQL (5.3ms)[0m  [1mdescribe `static_pages`[0m
  [1m[35mSQL (0.4ms)[0m  SHOW KEYS FROM `static_pages`
  [1m[36mSQL (4.6ms)[0m  [1mdescribe `taggings`[0m
  [1m[35mSQL (0.3ms)[0m  SHOW KEYS FROM `taggings`
  [1m[36mSQL (1.0ms)[0m  [1mdescribe `tags`[0m
  [1m[35mSQL (0.2ms)[0m  SHOW KEYS FROM `tags`
  [1m[36mSQL (1.2ms)[0m  [1mdescribe `twitter_accounts`[0m
  [1m[35mSQL (0.3ms)[0m  SHOW KEYS FROM `twitter_accounts`
  [1m[36mSQL (1.3ms)[0m  [1mdescribe `unlockables`[0m
  [1m[35mSQL (0.2ms)[0m  SHOW KEYS FROM `unlockables`
  [1m[36mSQL (1.8ms)[0m  [1mdescribe `users`[0m
  [1m[35mSQL (0.3ms)[0m  SHOW KEYS FROM `users`
DEPRECATION WARNING: RAILS_ROOT is deprecated. Please use ::Rails.root.to_s. (called from <top (required)> at /Users/parishphilp/Sites/cherry_tree/config/initializers/attachments.rb:1)
  [1m[36mSQL (1.2ms)[0m  [1mSHOW TABLES[0m
  [1m[35mSQL (1.0ms)[0m  SHOW TABLES
  [1m[36mSQL (0.2ms)[0m  [1mSELECT `schema_migrations`.`version` FROM `schema_migrations`[0m
  [1m[35mSQL (0.1ms)[0m  BEGIN
DEPRECATION WARNING: save(false) is deprecated, please give save(:validate => false) instead. (called from <top (required)> at /Users/parishphilp/Sites/cherry_tree/db/seeds.rb:4)
  [1m[36mSQL (16.4ms)[0m  [1mdescribe `users`[0m
  [1m[35mSQL (0.3ms)[0m  INSERT INTO `users` (`activated_at`, `activation_code`, `bio`, `birthday`, `cached_slug`, `created_at`, `email`, `gender`, `hashed_password`, `invitation_code`, `last_ip`, `level`, `name`, `orig_ip`, `points_balance`, `points_earned`, `registered_by_id`, `remember_token`, `remember_token_expires_at`, `salt`, `score`, `status`, `type`, `updated_at`, `website_name`, `website_url`) VALUES (NULL, NULL, NULL, NULL, NULL, '2011-02-01 03:09:38', NULL, NULL, NULL, NULL, NULL, 0, 'Anonymous', NULL, 0, 0, NULL, NULL, NULL, NULL, 0, 'first', NULL, '2011-02-01 03:09:38', NULL, NULL)
  [1m[36mSlug Load (0.5ms)[0m  [1mSELECT `slugs`.* FROM `slugs` WHERE (`slugs`.sluggable_id = NULL AND `slugs`.sluggable_type = 'User') ORDER BY id DESC[0m
  [1m[35mSlug Load (51.6ms)[0m  SELECT `slugs`.* FROM `slugs` WHERE (`slugs`.sluggable_id = NULL AND `slugs`.sluggable_type = 'User') AND (`slugs`.`name` = 'anonymous') AND (`slugs`.`scope` IS NULL) ORDER BY id DESC
  [1m[36mSQL (0.3ms)[0m  [1mSELECT COUNT(*) AS count_id FROM (SELECT 1 FROM `slugs` WHERE (`slugs`.`name` = 'anonymous') AND (`slugs`.`scope` IS NULL) AND (`slugs`.`sluggable_type` = 'User')) AS subquery[0m
  [1m[35mSQL (1.4ms)[0m  describe `slugs`
  [1m[36mSQL (0.2ms)[0m  [1mINSERT INTO `slugs` (`created_at`, `name`, `scope`, `sequence`, `sluggable_id`, `sluggable_type`) VALUES ('2011-02-01 03:09:38', 'anonymous', NULL, 1, 1, 'User')[0m
  [1m[35mSlug Load (0.3ms)[0m  SELECT `slugs`.* FROM `slugs` WHERE (`slugs`.sluggable_id = 1 AND `slugs`.sluggable_type = 'User') ORDER BY id DESC LIMIT 1
  [1m[36mSQL (0.4ms)[0m  [1mUPDATE `users` SET `activated_at` = NULL, `activation_code` = NULL, `bio` = NULL, `birthday` = NULL, `cached_slug` = 'anonymous', `created_at` = '2011-02-01 03:09:38', `email` = NULL, `gender` = NULL, `hashed_password` = NULL, `invitation_code` = NULL, `last_ip` = NULL, `level` = 0, `name` = 'Anonymous', `orig_ip` = NULL, `points_balance` = 0, `points_earned` = 0, `registered_by_id` = NULL, `remember_token` = NULL, `remember_token_expires_at` = NULL, `salt` = NULL, `score` = 0, `status` = 'first', `type` = NULL, `updated_at` = '2011-02-01 03:09:38', `website_name` = NULL, `website_url` = NULL WHERE (`users`.`id` = 1)[0m
  [1m[35mSQL (4.9ms)[0m  COMMIT
  [1m[36mSQL (0.1ms)[0m  [1mBEGIN[0m
DEPRECATION WARNING: save(false) is deprecated, please give save(:validate => false) instead. (called from <top (required)> at /Users/parishphilp/Sites/cherry_tree/db/seeds.rb:8)
  [1m[35mSQL (0.3ms)[0m  INSERT INTO `users` (`activated_at`, `activation_code`, `bio`, `birthday`, `cached_slug`, `created_at`, `email`, `gender`, `hashed_password`, `invitation_code`, `last_ip`, `level`, `name`, `orig_ip`, `points_balance`, `points_earned`, `registered_by_id`, `remember_token`, `remember_token_expires_at`, `salt`, `score`, `status`, `type`, `updated_at`, `website_name`, `website_url`) VALUES (NULL, NULL, NULL, NULL, NULL, '2011-02-01 03:09:38', NULL, NULL, '1aad155ebd41e22951e0b998477f573edb1e0210', NULL, NULL, 0, 'Gk', NULL, 0, 0, NULL, NULL, NULL, '198788100.832219411198602', 0, 'first', NULL, '2011-02-01 03:09:38', NULL, NULL)
  [1m[36mSlug Load (0.3ms)[0m  [1mSELECT `slugs`.* FROM `slugs` WHERE (`slugs`.sluggable_id = NULL AND `slugs`.sluggable_type = 'User') ORDER BY id DESC[0m
  [1m[35mSlug Load (0.3ms)[0m  SELECT `slugs`.* FROM `slugs` WHERE (`slugs`.sluggable_id = NULL AND `slugs`.sluggable_type = 'User') AND (`slugs`.`name` = 'gk') AND (`slugs`.`scope` IS NULL) ORDER BY id DESC
  [1m[36mSQL (0.2ms)[0m  [1mSELECT COUNT(*) AS count_id FROM (SELECT 1 FROM `slugs` WHERE (`slugs`.`name` = 'gk') AND (`slugs`.`scope` IS NULL) AND (`slugs`.`sluggable_type` = 'User')) AS subquery[0m
  [1m[35mSQL (0.2ms)[0m  INSERT INTO `slugs` (`created_at`, `name`, `scope`, `sequence`, `sluggable_id`, `sluggable_type`) VALUES ('2011-02-01 03:09:38', 'gk', NULL, 1, 2, 'User')
  [1m[36mSlug Load (0.2ms)[0m  [1mSELECT `slugs`.* FROM `slugs` WHERE (`slugs`.sluggable_id = 2 AND `slugs`.sluggable_type = 'User') ORDER BY id DESC LIMIT 1[0m
  [1m[35mSQL (0.3ms)[0m  UPDATE `users` SET `activated_at` = NULL, `activation_code` = NULL, `bio` = NULL, `birthday` = NULL, `cached_slug` = 'gk', `created_at` = '2011-02-01 03:09:38', `email` = NULL, `gender` = NULL, `hashed_password` = '1aad155ebd41e22951e0b998477f573edb1e0210', `invitation_code` = NULL, `last_ip` = NULL, `level` = 0, `name` = 'Gk', `orig_ip` = NULL, `points_balance` = 0, `points_earned` = 0, `registered_by_id` = NULL, `remember_token` = NULL, `remember_token_expires_at` = NULL, `salt` = '198788100.832219411198602', `score` = 0, `status` = 'first', `type` = NULL, `updated_at` = '2011-02-01 03:09:38', `website_name` = NULL, `website_url` = NULL WHERE (`users`.`id` = 2)
  [1m[36mSQL (0.5ms)[0m  [1mCOMMIT[0m
DEPRECATION WARNING: RAILS_ROOT is deprecated. Please use ::Rails.root.to_s. (called from <top (required)> at /Users/parishphilp/Sites/cherry_tree/config/initializers/attachments.rb:1)
  [1m[36mSQL (1.2ms)[0m  [1mSHOW TABLES[0m
  [1m[35mSQL (1.1ms)[0m  SHOW TABLES
  [1m[36mSQL (0.2ms)[0m  [1mSELECT `schema_migrations`.`version` FROM `schema_migrations`[0m
  [1m[35mSQL (1.3ms)[0m  SHOW TABLES
Creating scope :update. Overwriting existing method Checkin.update.
DEPRECATION WARNING: RAILS_ROOT is deprecated. Please use ::Rails.root.to_s. (called from <top (required)> at /Users/parishphilp/Sites/cherry_tree/config/initializers/attachments.rb:1)


Started GET "/" for 127.0.0.1 at 2011-01-31 19:12:45 -0800
  Processing by SiteController#index as HTML
  [1m[36mSQL (1.3ms)[0m  [1mSHOW TABLES[0m
  [1m[35mUser Load (0.4ms)[0m  SELECT `users`.* FROM `users` WHERE (`users`.`id` = 1) LIMIT 1
  [1m[36mSite Load (0.3ms)[0m  [1mSELECT `sites`.* FROM `sites` LIMIT 1[0m
  [1m[35mSQL (1.3ms)[0m  SHOW TABLES
Rendered shared/_flash.html.haml (2.2ms)
Rendered contacts/_get_email.html.haml (22.7ms)
  [1m[36mArticle Load (23.9ms)[0m  [1mSELECT `articles`.* FROM `articles` WHERE (publish_at <= '2011-02-01 03:12:46' and status = 'publish') ORDER BY publish_at asc[0m
Rendered collection (0.0ms)
Rendered layouts/_meta.html.haml (4.1ms)
Rendered shared/_header.html.haml (2.6ms)
Rendered shared/_footer.html.haml (3.8ms)
Rendered shared/_analytics.html.haml (1.8ms)
Rendered site/index.html.haml within layouts/home (118.2ms)
Completed 200 OK in 524ms (Views: 151.6ms | ActiveRecord: 27.2ms)


Started GET "/blog" for 127.0.0.1 at 2011-01-31 19:13:20 -0800
  Processing by BlogController#index as HTML
  [1m[35mUser Load (15.1ms)[0m  SELECT `users`.* FROM `users` WHERE (`users`.`id` = 1) LIMIT 1
  [1m[36mSite Load (0.3ms)[0m  [1mSELECT `sites`.* FROM `sites` LIMIT 1[0m
  [1m[35mSQL (1.3ms)[0m  SHOW TABLES
  [1m[36mActsAsTaggableOn::Tag Load (26.8ms)[0m  [1mSELECT tags.*, COUNT(*) AS count FROM `tags` LEFT OUTER JOIN taggings ON tags.id = taggings.tag_id AND taggings.context = 'topics' INNER JOIN articles ON articles.id = taggings.taggable_id WHERE (taggings.taggable_type = 'Article') AND (taggings.taggable_id IN(SELECT articles.id FROM `articles`)) GROUP BY tags.id, tags.name HAVING COUNT(*) > 0[0m
  [1m[35mArticle Load (0.3ms)[0m  SELECT `articles`.* FROM `articles` WHERE (publish_at <= '2011-02-01 03:13:21' and status = 'publish') ORDER BY publish_at desc
  [1m[36mArticle Load (0.2ms)[0m  [1mselect month(publish_at) as month, year(publish_at) as year from articles group by month(publish_at) [0m
  [1m[35mCACHE (0.0ms)[0m  SELECT `articles`.* FROM `articles` WHERE (publish_at <= '2011-02-01 03:13:21' and status = 'publish') ORDER BY publish_at desc
Rendered blog/_sidebar.html.haml (9.2ms)
Rendered layouts/_meta.html.haml (4.0ms)
Rendered shared/_header.html.haml (2.3ms)
Rendered shared/_flash.html.haml (1.9ms)
Rendered shared/_footer.html.haml (3.1ms)
Rendered shared/_analytics.html.haml (1.6ms)
Rendered blog/index.html.haml within layouts/application (40.3ms)
Completed 200 OK in 391ms (Views: 53.7ms | ActiveRecord: 43.9ms)


Started GET "/contacts/new" for 127.0.0.1 at 2011-01-31 19:13:30 -0800
  Processing by ContactsController#new as HTML
  [1m[36mUser Load (0.3ms)[0m  [1mSELECT `users`.* FROM `users` WHERE (`users`.`id` = 1) LIMIT 1[0m
  [1m[35mSite Load (0.3ms)[0m  SELECT `sites`.* FROM `sites` LIMIT 1
Rendered contacts/_form.html.haml (41.9ms)
Rendered layouts/_meta.html.haml (4.7ms)
Rendered shared/_header.html.haml (2.9ms)
Rendered shared/_footer.html.haml (4.1ms)
Rendered shared/_analytics.html.haml (1.8ms)
Rendered contacts/new.html.haml within layouts/underground (68.7ms)
Completed 200 OK in 319ms (Views: 73.6ms | ActiveRecord: 0.5ms)


Started GET "/" for 127.0.0.1 at 2011-01-31 19:13:40 -0800
  Processing by SiteController#index as HTML
  [1m[36mUser Load (0.3ms)[0m  [1mSELECT `users`.* FROM `users` WHERE (`users`.`id` = 1) LIMIT 1[0m
  [1m[35mSite Load (0.3ms)[0m  SELECT `sites`.* FROM `sites` LIMIT 1
  [1m[36mSQL (1.4ms)[0m  [1mSHOW TABLES[0m
Rendered shared/_flash.html.haml (2.6ms)
Rendered contacts/_get_email.html.haml (23.1ms)
  [1m[35mArticle Load (0.4ms)[0m  SELECT `articles`.* FROM `articles` WHERE (publish_at <= '2011-02-01 03:13:40' and status = 'publish') ORDER BY publish_at asc
Rendered collection (0.0ms)
Rendered layouts/_meta.html.haml (4.4ms)
Rendered shared/_header.html.haml (2.3ms)
Rendered shared/_footer.html.haml (2.9ms)
Rendered shared/_analytics.html.haml (1.4ms)
Rendered site/index.html.haml within layouts/home (51.1ms)
Completed 200 OK in 381ms (Views: 53.5ms | ActiveRecord: 2.3ms)


Started POST "/contacts" for 127.0.0.1 at 2011-01-31 19:13:59 -0800
  Processing by ContactsController#create as HTML
  Parameters: {"utf8"=>"✓", "authenticity_token"=>"gsqfoo3TsrGTsAROz1a97bOsVhB3+xj3fNoVQmW/wzw=", "contact"=>{"email"=>"kjhhkjh@dfsdfkj"}, "commit"=>"Sign Me Up!"}
  [1m[36mUser Load (0.2ms)[0m  [1mSELECT `users`.* FROM `users` WHERE (`users`.`id` = 1) LIMIT 1[0m
  [1m[35mSite Load (0.3ms)[0m  SELECT `sites`.* FROM `sites` LIMIT 1
  [1m[36mSQL (0.2ms)[0m  [1mBEGIN[0m
  [1m[35mSQL (1.7ms)[0m  describe `contacts`
  [1m[36mSQL (0.2ms)[0m  [1mINSERT INTO `contacts` (`content`, `crash_id`, `created_at`, `email`, `ip`, `site_id`, `subject`, `updated_at`) VALUES (NULL, NULL, '2011-02-01 03:13:59', 'kjhhkjh@dfsdfkj', '127.0.0.1', NULL, NULL, '2011-02-01 03:13:59')[0m
  [1m[35mSQL (0.3ms)[0m  COMMIT
Redirected to http://localhost:3000/
Completed 302 Found in 336ms


Started GET "/" for 127.0.0.1 at 2011-01-31 19:13:59 -0800
  Processing by SiteController#index as HTML
  [1m[36mUser Load (13.7ms)[0m  [1mSELECT `users`.* FROM `users` WHERE (`users`.`id` = 1) LIMIT 1[0m
  [1m[35mSite Load (0.3ms)[0m  SELECT `sites`.* FROM `sites` LIMIT 1
  [1m[36mSQL (1.3ms)[0m  [1mSHOW TABLES[0m
Rendered shared/_flash.html.haml (2.0ms)
Rendered contacts/_get_email.html.haml (22.6ms)
  [1m[35mArticle Load (0.4ms)[0m  SELECT `articles`.* FROM `articles` WHERE (publish_at <= '2011-02-01 03:13:59' and status = 'publish') ORDER BY publish_at asc
Rendered collection (0.0ms)
Rendered layouts/_meta.html.haml (36.9ms)
Rendered shared/_header.html.haml (2.3ms)
Rendered shared/_footer.html.haml (3.1ms)
Rendered shared/_analytics.html.haml (1.5ms)
Rendered site/index.html.haml within layouts/home (82.5ms)
Completed 200 OK in 387ms (Views: 84.8ms | ActiveRecord: 18.6ms)


Started GET "/blog" for 127.0.0.1 at 2011-01-31 19:14:06 -0800
  Processing by BlogController#index as HTML
  [1m[36mUser Load (0.3ms)[0m  [1mSELECT `users`.* FROM `users` WHERE (`users`.`id` = 1) LIMIT 1[0m
  [1m[35mSite Load (0.3ms)[0m  SELECT `sites`.* FROM `sites` LIMIT 1
  [1m[36mSQL (1.3ms)[0m  [1mSHOW TABLES[0m
  [1m[35mActsAsTaggableOn::Tag Load (1.3ms)[0m  SELECT tags.*, COUNT(*) AS count FROM `tags` LEFT OUTER JOIN taggings ON tags.id = taggings.tag_id AND taggings.context = 'topics' INNER JOIN articles ON articles.id = taggings.taggable_id WHERE (taggings.taggable_type = 'Article') AND (taggings.taggable_id IN(SELECT articles.id FROM `articles`)) GROUP BY tags.id, tags.name HAVING COUNT(*) > 0
  [1m[36mArticle Load (0.2ms)[0m  [1mSELECT `articles`.* FROM `articles` WHERE (publish_at <= '2011-02-01 03:14:06' and status = 'publish') ORDER BY publish_at desc[0m
  [1m[35mArticle Load (0.2ms)[0m  select month(publish_at) as month, year(publish_at) as year from articles group by month(publish_at) 
  [1m[36mCACHE (0.0ms)[0m  [1mSELECT `articles`.* FROM `articles` WHERE (publish_at <= '2011-02-01 03:14:06' and status = 'publish') ORDER BY publish_at desc[0m
Rendered blog/_sidebar.html.haml (42.5ms)
Rendered layouts/_meta.html.haml (3.8ms)
Rendered shared/_header.html.haml (4.0ms)
Rendered shared/_flash.html.haml (2.0ms)
Rendered shared/_footer.html.haml (3.0ms)
Rendered shared/_analytics.html.haml (1.5ms)
Rendered blog/index.html.haml within layouts/application (72.2ms)
Completed 200 OK in 362ms (Views: 81.1ms | ActiveRecord: 3.4ms)


Started GET "/blog" for 127.0.0.1 at 2011-01-31 19:15:39 -0800
  Processing by BlogController#index as HTML
  [1m[35mUser Load (0.3ms)[0m  SELECT `users`.* FROM `users` WHERE (`users`.`id` = 1) LIMIT 1
  [1m[36mSite Load (0.3ms)[0m  [1mSELECT `sites`.* FROM `sites` LIMIT 1[0m
  [1m[35mSQL (1.6ms)[0m  SHOW TABLES
  [1m[36mActsAsTaggableOn::Tag Load (1.2ms)[0m  [1mSELECT tags.*, COUNT(*) AS count FROM `tags` LEFT OUTER JOIN taggings ON tags.id = taggings.tag_id AND taggings.context = 'topics' INNER JOIN articles ON articles.id = taggings.taggable_id WHERE (taggings.taggable_type = 'Article') AND (taggings.taggable_id IN(SELECT articles.id FROM `articles`)) GROUP BY tags.id, tags.name HAVING COUNT(*) > 0[0m
  [1m[35mArticle Load (0.2ms)[0m  SELECT `articles`.* FROM `articles` WHERE (publish_at <= '2011-02-01 03:15:39' and status = 'publish') ORDER BY publish_at desc
  [1m[36mArticle Load (0.2ms)[0m  [1mselect month(publish_at) as month, year(publish_at) as year from articles group by month(publish_at) [0m
  [1m[35mCACHE (0.0ms)[0m  SELECT `articles`.* FROM `articles` WHERE (publish_at <= '2011-02-01 03:15:39' and status = 'publish') ORDER BY publish_at desc
Rendered blog/_sidebar.html.haml (7.8ms)
Rendered layouts/_meta.html.haml (38.4ms)
Rendered shared/_header.html.haml (2.4ms)
Rendered shared/_flash.html.haml (1.8ms)
Rendered shared/_footer.html.haml (2.9ms)
Rendered shared/_analytics.html.haml (1.5ms)
Rendered blog/index.html.haml within layouts/application (69.5ms)
Completed 200 OK in 365ms (Views: 78.5ms | ActiveRecord: 3.8ms)


Started GET "/blog/admin" for 127.0.0.1 at 2011-01-31 19:16:03 -0800
  Processing by BlogController#admin as HTML
  [1m[36mUser Load (0.4ms)[0m  [1mSELECT `users`.* FROM `users` WHERE (`users`.`id` = 1) LIMIT 1[0m
  [1m[35mSite Load (0.3ms)[0m  SELECT `sites`.* FROM `sites` LIMIT 1
  [1m[36mSQL (1.3ms)[0m  [1mSHOW TABLES[0m
  [1m[35mActsAsTaggableOn::Tag Load (1.3ms)[0m  SELECT tags.*, COUNT(*) AS count FROM `tags` LEFT OUTER JOIN taggings ON tags.id = taggings.tag_id AND taggings.context = 'topics' INNER JOIN articles ON articles.id = taggings.taggable_id WHERE (taggings.taggable_type = 'Article') AND (taggings.taggable_id IN(SELECT articles.id FROM `articles`)) GROUP BY tags.id, tags.name HAVING COUNT(*) > 0
  [1m[36mArticle Load (0.2ms)[0m  [1mSELECT `articles`.* FROM `articles` WHERE (publish_at <= '2011-02-01 03:16:03' and status = 'publish') ORDER BY publish_at desc[0m
  [1m[35mArticle Load (0.2ms)[0m  select month(publish_at) as month, year(publish_at) as year from articles group by month(publish_at) 
  [1m[36mArticle Load (0.2ms)[0m  [1mSELECT `articles`.* FROM `articles` ORDER BY publish_at desc[0m
Rendered blog/_admin_table.html.haml (5.7ms)
Rendered admin/_nav.html.haml (35.5ms)
Rendered layouts/_meta.html.haml (3.9ms)
Rendered shared/_header.html.haml (2.5ms)
Rendered shared/_flash.html.haml (2.0ms)
Rendered shared/_footer.html.haml (3.0ms)
Rendered shared/_analytics.html.haml (1.5ms)
Rendered blog/admin.html.haml within layouts/application (74.0ms)
Completed 200 OK in 370ms (Views: 84.9ms | ActiveRecord: 3.7ms)


Started GET "/articles/new" for 127.0.0.1 at 2011-01-31 19:16:09 -0800
  Processing by ArticlesController#new as HTML
  [1m[35mUser Load (0.3ms)[0m  SELECT `users`.* FROM `users` WHERE (`users`.`id` = 1) LIMIT 1
  [1m[36mSite Load (0.3ms)[0m  [1mSELECT `sites`.* FROM `sites` LIMIT 1[0m
Redirected to http://localhost:3000/sessions/new
Completed 302 Found in 268ms


Started GET "/sessions/new" for 127.0.0.1 at 2011-01-31 19:16:09 -0800
  Processing by SessionsController#new as HTML
  [1m[35mUser Load (0.3ms)[0m  SELECT `users`.* FROM `users` WHERE (`users`.`id` = 1) LIMIT 1
  [1m[36mSite Load (0.3ms)[0m  [1mSELECT `sites`.* FROM `sites` LIMIT 1[0m
Rendered layouts/_meta.html.haml (4.0ms)
Rendered shared/_header.html.haml (2.8ms)
Rendered shared/_flash.html.haml (2.0ms)
Rendered shared/_footer.html.haml (2.9ms)
Rendered shared/_analytics.html.haml (1.4ms)
Rendered sessions/new.html.haml within layouts/application (31.5ms)
Completed 200 OK in 299ms (Views: 42.8ms | ActiveRecord: 1.1ms)


Started GET "/contacts/new" for 127.0.0.1 at 2011-01-31 19:16:29 -0800
  Processing by ContactsController#new as HTML
  [1m[35mUser Load (0.3ms)[0m  SELECT `users`.* FROM `users` WHERE (`users`.`id` = 1) LIMIT 1
  [1m[36mSite Load (0.3ms)[0m  [1mSELECT `sites`.* FROM `sites` LIMIT 1[0m
Rendered contacts/_form.html.haml (11.3ms)
Rendered layouts/_meta.html.haml (4.1ms)
Rendered shared/_header.html.haml (2.6ms)
Rendered shared/_footer.html.haml (3.4ms)
Rendered shared/_analytics.html.haml (1.5ms)
Rendered contacts/new.html.haml within layouts/underground (32.9ms)
Completed 200 OK in 311ms (Views: 36.1ms | ActiveRecord: 0.6ms)


Started GET "/" for 127.0.0.1 at 2011-01-31 19:16:47 -0800
  Processing by SiteController#index as HTML
  [1m[35mUser Load (0.2ms)[0m  SELECT `users`.* FROM `users` WHERE (`users`.`id` = 1) LIMIT 1
  [1m[36mSite Load (0.3ms)[0m  [1mSELECT `sites`.* FROM `sites` LIMIT 1[0m
  [1m[35mSQL (1.4ms)[0m  SHOW TABLES
Rendered shared/_flash.html.haml (1.9ms)
Rendered contacts/_get_email.html.haml (23.1ms)
  [1m[36mArticle Load (0.3ms)[0m  [1mSELECT `articles`.* FROM `articles` WHERE (publish_at <= '2011-02-01 03:16:47' and status = 'publish') ORDER BY publish_at asc[0m
Rendered collection (0.0ms)
Rendered layouts/_meta.html.haml (3.8ms)
Rendered shared/_header.html.haml (2.4ms)
Rendered shared/_footer.html.haml (2.8ms)
Rendered shared/_analytics.html.haml (1.4ms)
Rendered site/index.html.haml within layouts/home (50.4ms)
Completed 200 OK in 367ms (Views: 52.7ms | ActiveRecord: 2.3ms)


Started GET "/" for 127.0.0.1 at 2011-01-31 19:40:28 -0800
  Processing by SiteController#index as HTML
  [1m[35mUser Load (0.3ms)[0m  SELECT `users`.* FROM `users` WHERE (`users`.`id` = 1) LIMIT 1
  [1m[36mSite Load (0.3ms)[0m  [1mSELECT `sites`.* FROM `sites` LIMIT 1[0m
  [1m[35mSQL (37.4ms)[0m  SHOW TABLES
Rendered shared/_flash.html.haml (1.9ms)
Rendered contacts/_get_email.html.haml (22.5ms)
  [1m[36mArticle Load (0.3ms)[0m  [1mSELECT `articles`.* FROM `articles` WHERE (publish_at <= '2011-02-01 03:40:28' and status = 'publish') ORDER BY publish_at asc[0m
Rendered collection (0.0ms)
Rendered layouts/_meta.html.haml (3.8ms)
Rendered shared/_header.html.haml (2.4ms)
Rendered shared/_footer.html.haml (3.0ms)
Rendered shared/_analytics.html.haml (1.5ms)
Rendered site/index.html.haml within layouts/home (49.1ms)
Completed 200 OK in 468ms (Views: 51.5ms | ActiveRecord: 38.3ms)


Started GET "/" for 127.0.0.1 at 2011-01-31 19:41:15 -0800
  Processing by SiteController#index as HTML
  [1m[35mUser Load (10.6ms)[0m  SELECT `users`.* FROM `users` WHERE (`users`.`id` = 1) LIMIT 1
  [1m[36mSite Load (0.3ms)[0m  [1mSELECT `sites`.* FROM `sites` LIMIT 1[0m
  [1m[35mSQL (1.3ms)[0m  SHOW TABLES
Rendered shared/_flash.html.haml (1.9ms)
Rendered contacts/_get_email.html.haml (22.6ms)
  [1m[36mArticle Load (0.4ms)[0m  [1mSELECT `articles`.* FROM `articles` WHERE (publish_at <= '2011-02-01 03:41:15' and status = 'publish') ORDER BY publish_at asc[0m
Rendered collection (0.0ms)
Rendered layouts/_meta.html.haml (3.8ms)
Rendered shared/_header.html.haml (2.4ms)
Rendered shared/_footer.html.haml (3.0ms)
Rendered shared/_analytics.html.haml (1.8ms)
Rendered site/index.html.haml within layouts/home (51.2ms)
Completed 200 OK in 359ms (Views: 53.8ms | ActiveRecord: 12.6ms)


Started GET "/" for 127.0.0.1 at 2011-01-31 19:41:37 -0800
  Processing by SiteController#index as HTML
  [1m[35mUser Load (0.2ms)[0m  SELECT `users`.* FROM `users` WHERE (`users`.`id` = 1) LIMIT 1
  [1m[36mSite Load (0.8ms)[0m  [1mSELECT `sites`.* FROM `sites` LIMIT 1[0m
  [1m[35mSQL (1.3ms)[0m  SHOW TABLES
Rendered shared/_flash.html.haml (2.1ms)
Rendered contacts/_get_email.html.haml (23.5ms)
  [1m[36mArticle Load (0.8ms)[0m  [1mSELECT `articles`.* FROM `articles` WHERE (publish_at <= '2011-02-01 03:41:38' and status = 'publish') ORDER BY publish_at asc[0m
Rendered collection (0.0ms)
Rendered layouts/_meta.html.haml (3.9ms)
Rendered shared/_header.html.haml (2.9ms)
Rendered shared/_footer.html.haml (3.0ms)
Rendered shared/_analytics.html.haml (2.0ms)
Rendered site/index.html.haml within layouts/home (53.8ms)
Completed 200 OK in 380ms (Views: 90.6ms | ActiveRecord: 3.2ms)


Started GET "/" for 127.0.0.1 at 2011-01-31 19:42:05 -0800
  Processing by SiteController#index as HTML
  [1m[35mUser Load (0.2ms)[0m  SELECT `users`.* FROM `users` WHERE (`users`.`id` = 1) LIMIT 1
  [1m[36mSite Load (0.3ms)[0m  [1mSELECT `sites`.* FROM `sites` LIMIT 1[0m
  [1m[35mSQL (1.6ms)[0m  SHOW TABLES
Rendered shared/_flash.html.haml (2.2ms)
Rendered contacts/_get_email.html.haml (22.8ms)
  [1m[36mArticle Load (0.3ms)[0m  [1mSELECT `articles`.* FROM `articles` WHERE (publish_at <= '2011-02-01 03:42:05' and status = 'publish') ORDER BY publish_at asc[0m
Rendered collection (0.0ms)
Rendered layouts/_meta.html.haml (3.7ms)
Rendered shared/_header.html.haml (2.4ms)
Rendered shared/_footer.html.haml (2.9ms)
Rendered shared/_analytics.html.haml (1.4ms)
Rendered site/index.html.haml within layouts/home (49.9ms)
Completed 200 OK in 380ms (Views: 52.3ms | ActiveRecord: 2.5ms)


Started GET "/blog" for 127.0.0.1 at 2011-01-31 19:42:23 -0800
  Processing by BlogController#index as HTML
  [1m[35mUser Load (0.2ms)[0m  SELECT `users`.* FROM `users` WHERE (`users`.`id` = 1) LIMIT 1
  [1m[36mSite Load (0.3ms)[0m  [1mSELECT `sites`.* FROM `sites` LIMIT 1[0m
  [1m[35mSQL (1.4ms)[0m  SHOW TABLES
  [1m[36mActsAsTaggableOn::Tag Load (1.3ms)[0m  [1mSELECT tags.*, COUNT(*) AS count FROM `tags` LEFT OUTER JOIN taggings ON tags.id = taggings.tag_id AND taggings.context = 'topics' INNER JOIN articles ON articles.id = taggings.taggable_id WHERE (taggings.taggable_type = 'Article') AND (taggings.taggable_id IN(SELECT articles.id FROM `articles`)) GROUP BY tags.id, tags.name HAVING COUNT(*) > 0[0m
  [1m[35mArticle Load (0.2ms)[0m  SELECT `articles`.* FROM `articles` WHERE (publish_at <= '2011-02-01 03:42:23' and status = 'publish') ORDER BY publish_at desc
  [1m[36mArticle Load (0.2ms)[0m  [1mselect month(publish_at) as month, year(publish_at) as year from articles group by month(publish_at) [0m
  [1m[35mCACHE (0.0ms)[0m  SELECT `articles`.* FROM `articles` WHERE (publish_at <= '2011-02-01 03:42:23' and status = 'publish') ORDER BY publish_at desc
Rendered blog/_sidebar.html.haml (7.7ms)
Rendered layouts/_meta.html.haml (4.1ms)
Rendered shared/_header.html.haml (2.4ms)
Rendered shared/_flash.html.haml (2.3ms)
Rendered shared/_footer.html.haml (3.2ms)
Rendered shared/_analytics.html.haml (1.5ms)
Rendered blog/index.html.haml within layouts/application (36.3ms)
Completed 200 OK in 355ms (Views: 46.4ms | ActiveRecord: 3.6ms)


Started GET "/" for 127.0.0.1 at 2011-01-31 20:03:50 -0800
  Processing by SiteController#index as HTML
  [1m[36mUser Load (0.2ms)[0m  [1mSELECT `users`.* FROM `users` WHERE (`users`.`id` = 1) LIMIT 1[0m
  [1m[35mSite Load (0.3ms)[0m  SELECT `sites`.* FROM `sites` LIMIT 1
  [1m[36mSQL (63.3ms)[0m  [1mSHOW TABLES[0m
Rendered shared/_flash.html.haml (3.2ms)
Rendered contacts/_get_email.html.haml (27.7ms)
  [1m[35mArticle Load (0.4ms)[0m  SELECT `articles`.* FROM `articles` WHERE (publish_at <= '2011-02-01 04:03:51' and status = 'publish') ORDER BY publish_at asc
Rendered collection (0.0ms)
Rendered layouts/_meta.html.haml (3.8ms)
Rendered shared/_header.html.haml (2.3ms)
Rendered shared/_footer.html.haml (3.0ms)
Rendered shared/_analytics.html.haml (1.4ms)
Rendered site/index.html.haml within layouts/home (81.8ms)
Completed 200 OK in 494ms (Views: 84.3ms | ActiveRecord: 64.2ms)


Started GET "/" for 127.0.0.1 at 2011-01-31 20:04:09 -0800
  Processing by SiteController#index as HTML
  [1m[36mUser Load (62.5ms)[0m  [1mSELECT `users`.* FROM `users` WHERE (`users`.`id` = 1) LIMIT 1[0m
  [1m[35mSite Load (0.2ms)[0m  SELECT `sites`.* FROM `sites` LIMIT 1
  [1m[36mSQL (1.5ms)[0m  [1mSHOW TABLES[0m
Rendered shared/_flash.html.haml (1.9ms)
Rendered contacts/_get_email.html.haml (73.4ms)
  [1m[35mArticle Load (32.2ms)[0m  SELECT `articles`.* FROM `articles` WHERE (publish_at <= '2011-02-01 04:04:10' and status = 'publish') ORDER BY publish_at asc
Rendered collection (0.0ms)
Rendered layouts/_meta.html.haml (6.5ms)
Rendered shared/_header.html.haml (3.4ms)
Rendered shared/_footer.html.haml (3.2ms)
Rendered shared/_analytics.html.haml (1.5ms)
Rendered site/index.html.haml within layouts/home (137.3ms)
Completed 200 OK in 642ms (Views: 107.8ms | ActiveRecord: 96.5ms)


Started GET "/" for 127.0.0.1 at 2011-01-31 20:33:51 -0800
  Processing by SiteController#index as HTML
  [1m[36mUser Load (8.3ms)[0m  [1mSELECT `users`.* FROM `users` WHERE (`users`.`id` = 1) LIMIT 1[0m
  [1m[35mSite Load (0.3ms)[0m  SELECT `sites`.* FROM `sites` LIMIT 1
  [1m[36mSQL (34.7ms)[0m  [1mSHOW TABLES[0m
Rendered shared/_flash.html.haml (2.2ms)
Rendered contacts/_get_email.html.haml (22.8ms)
  [1m[35mArticle Load (0.3ms)[0m  SELECT `articles`.* FROM `articles` WHERE (publish_at <= '2011-02-01 04:33:52' and status = 'publish') ORDER BY publish_at asc
Rendered collection (0.0ms)
Rendered layouts/_meta.html.haml (3.7ms)
Rendered shared/_header.html.haml (2.6ms)
Rendered shared/_footer.html.haml (2.8ms)
Rendered shared/_analytics.html.haml (1.4ms)
Rendered site/index.html.haml within layouts/home (59.7ms)
Completed 200 OK in 435ms (Views: 62.0ms | ActiveRecord: 43.6ms)


Started GET "/" for 127.0.0.1 at 2011-01-31 20:34:23 -0800
  Processing by SiteController#index as HTML
  [1m[36mUser Load (1.1ms)[0m  [1mSELECT `users`.* FROM `users` WHERE (`users`.`id` = 1) LIMIT 1[0m
  [1m[35mSite Load (0.3ms)[0m  SELECT `sites`.* FROM `sites` LIMIT 1
  [1m[36mSQL (1.5ms)[0m  [1mSHOW TABLES[0m
Rendered shared/_flash.html.haml (2.8ms)
Rendered contacts/_get_email.html.haml (27.3ms)
  [1m[35mArticle Load (0.5ms)[0m  SELECT `articles`.* FROM `articles` WHERE (publish_at <= '2011-02-01 04:34:23' and status = 'publish') ORDER BY publish_at asc
Rendered collection (0.0ms)
Rendered layouts/_meta.html.haml (3.7ms)
Rendered shared/_header.html.haml (4.5ms)
Rendered shared/_footer.html.haml (2.8ms)
Rendered shared/_analytics.html.haml (1.5ms)
Rendered site/index.html.haml within layouts/home (60.2ms)
Completed 200 OK in 506ms (Views: 62.8ms | ActiveRecord: 3.4ms)


Started GET "/" for 127.0.0.1 at 2011-01-31 20:34:47 -0800
  Processing by SiteController#index as HTML
  [1m[36mUser Load (0.3ms)[0m  [1mSELECT `users`.* FROM `users` WHERE (`users`.`id` = 1) LIMIT 1[0m
  [1m[35mSite Load (0.3ms)[0m  SELECT `sites`.* FROM `sites` LIMIT 1
  [1m[36mSQL (1.4ms)[0m  [1mSHOW TABLES[0m
Rendered shared/_flash.html.haml (2.2ms)
Rendered contacts/_get_email.html.haml (23.7ms)
  [1m[35mArticle Load (0.3ms)[0m  SELECT `articles`.* FROM `articles` WHERE (publish_at <= '2011-02-01 04:34:48' and status = 'publish') ORDER BY publish_at asc
Rendered collection (0.0ms)
Rendered layouts/_meta.html.haml (3.8ms)
Rendered shared/_header.html.haml (2.4ms)
Rendered shared/_footer.html.haml (2.8ms)
Rendered shared/_analytics.html.haml (1.7ms)
Rendered site/index.html.haml within layouts/home (54.7ms)
Completed 200 OK in 449ms (Views: 57.3ms | ActiveRecord: 2.3ms)


Started GET "/" for 127.0.0.1 at 2011-01-31 20:34:51 -0800
  Processing by SiteController#index as HTML
  [1m[36mUser Load (0.2ms)[0m  [1mSELECT `users`.* FROM `users` WHERE (`users`.`id` = 1) LIMIT 1[0m
  [1m[35mSite Load (0.3ms)[0m  SELECT `sites`.* FROM `sites` LIMIT 1
  [1m[36mSQL (1.3ms)[0m  [1mSHOW TABLES[0m
Rendered shared/_flash.html.haml (2.0ms)
Rendered contacts/_get_email.html.haml (22.0ms)
  [1m[35mArticle Load (0.3ms)[0m  SELECT `articles`.* FROM `articles` WHERE (publish_at <= '2011-02-01 04:34:51' and status = 'publish') ORDER BY publish_at asc
Rendered collection (0.0ms)
Rendered layouts/_meta.html.haml (3.8ms)
Rendered shared/_header.html.haml (2.5ms)
Rendered shared/_footer.html.haml (2.8ms)
Rendered shared/_analytics.html.haml (1.4ms)
Rendered site/index.html.haml within layouts/home (48.6ms)
Completed 200 OK in 334ms (Views: 51.2ms | ActiveRecord: 2.1ms)


Started GET "/blog" for 127.0.0.1 at 2011-01-31 20:41:33 -0800
  Processing by BlogController#index as HTML
  [1m[36mUser Load (0.2ms)[0m  [1mSELECT `users`.* FROM `users` WHERE (`users`.`id` = 1) LIMIT 1[0m
  [1m[35mSite Load (0.3ms)[0m  SELECT `sites`.* FROM `sites` LIMIT 1
  [1m[36mSQL (1.5ms)[0m  [1mSHOW TABLES[0m
  [1m[35mActsAsTaggableOn::Tag Load (1.4ms)[0m  SELECT tags.*, COUNT(*) AS count FROM `tags` LEFT OUTER JOIN taggings ON tags.id = taggings.tag_id AND taggings.context = 'topics' INNER JOIN articles ON articles.id = taggings.taggable_id WHERE (taggings.taggable_type = 'Article') AND (taggings.taggable_id IN(SELECT articles.id FROM `articles`)) GROUP BY tags.id, tags.name HAVING COUNT(*) > 0
  [1m[36mArticle Load (0.2ms)[0m  [1mSELECT `articles`.* FROM `articles` WHERE (publish_at <= '2011-02-01 04:41:33' and status = 'publish') ORDER BY publish_at desc[0m
  [1m[35mArticle Load (0.2ms)[0m  select month(publish_at) as month, year(publish_at) as year from articles group by month(publish_at) 
  [1m[36mCACHE (0.0ms)[0m  [1mSELECT `articles`.* FROM `articles` WHERE (publish_at <= '2011-02-01 04:41:33' and status = 'publish') ORDER BY publish_at desc[0m
Rendered blog/_sidebar.html.haml (8.4ms)
Rendered layouts/_meta.html.haml (3.9ms)
Rendered shared/_header.html.haml (2.5ms)
Rendered shared/_flash.html.haml (1.8ms)
Rendered shared/_footer.html.haml (2.9ms)
Rendered shared/_analytics.html.haml (1.7ms)
Rendered blog/index.html.haml within layouts/application (36.7ms)
Completed 200 OK in 335ms (Views: 51.2ms | ActiveRecord: 3.7ms)


Started GET "/contacts/new" for 127.0.0.1 at 2011-01-31 20:41:35 -0800
  Processing by ContactsController#new as HTML
  [1m[35mUser Load (0.2ms)[0m  SELECT `users`.* FROM `users` WHERE (`users`.`id` = 1) LIMIT 1
  [1m[36mSite Load (0.3ms)[0m  [1mSELECT `sites`.* FROM `sites` LIMIT 1[0m
Rendered contacts/_form.html.haml (10.3ms)
Rendered layouts/_meta.html.haml (40.6ms)
Rendered shared/_header.html.haml (2.4ms)
Rendered shared/_footer.html.haml (3.0ms)
Rendered shared/_analytics.html.haml (1.5ms)
Rendered contacts/new.html.haml within layouts/underground (67.8ms)
Completed 200 OK in 297ms (Views: 70.6ms | ActiveRecord: 0.6ms)
DEPRECATION WARNING: RAILS_ROOT is deprecated. Please use ::Rails.root.to_s. (called from <top (required)> at /Users/parishphilp/Sites/cherry_tree/config/initializers/attachments.rb:1)


Started GET "/contacts/new" for 127.0.0.1 at 2011-01-31 20:42:20 -0800
  Processing by ContactsController#new as HTML
  [1m[36mSQL (1.3ms)[0m  [1mSHOW TABLES[0m
  [1m[35mUser Load (0.4ms)[0m  SELECT `users`.* FROM `users` WHERE (`users`.`id` = 1) LIMIT 1
  [1m[36mSite Load (0.3ms)[0m  [1mSELECT `sites`.* FROM `sites` LIMIT 1[0m
Rendered contacts/_form.html.haml (31.5ms)
Rendered layouts/_meta.html.haml (4.3ms)
Rendered shared/_header.html.haml (2.9ms)
Rendered shared/_footer.html.haml (3.2ms)
Rendered shared/_analytics.html.haml (1.6ms)
Rendered contacts/new.html.haml within layouts/underground (59.9ms)
Completed 200 OK in 461ms (Views: 64.7ms | ActiveRecord: 1.9ms)


Started GET "/" for 127.0.0.1 at 2011-01-31 20:42:39 -0800
  Processing by SiteController#index as HTML
  [1m[35mUser Load (0.2ms)[0m  SELECT `users`.* FROM `users` WHERE (`users`.`id` = 1) LIMIT 1
  [1m[36mSite Load (0.3ms)[0m  [1mSELECT `sites`.* FROM `sites` LIMIT 1[0m
  [1m[35mSQL (1.3ms)[0m  SHOW TABLES
Rendered shared/_flash.html.haml (34.7ms)
Rendered contacts/_get_email.html.haml (22.1ms)
  [1m[36mArticle Load (0.4ms)[0m  [1mSELECT `articles`.* FROM `articles` WHERE (publish_at <= '2011-02-01 04:42:39' and status = 'publish') ORDER BY publish_at asc[0m
Rendered collection (0.0ms)
Rendered layouts/_meta.html.haml (3.8ms)
Rendered shared/_header.html.haml (2.4ms)
Rendered shared/_footer.html.haml (2.9ms)
Rendered shared/_analytics.html.haml (1.4ms)
Rendered site/index.html.haml within layouts/home (84.5ms)
Completed 200 OK in 369ms (Views: 89.5ms | ActiveRecord: 2.3ms)


Started GET "/" for 127.0.0.1 at 2011-01-31 20:43:00 -0800
  Processing by SiteController#index as HTML
  [1m[35mUser Load (0.4ms)[0m  SELECT `users`.* FROM `users` WHERE (`users`.`id` = 1) LIMIT 1
  [1m[36mSite Load (0.3ms)[0m  [1mSELECT `sites`.* FROM `sites` LIMIT 1[0m
  [1m[35mSQL (1.3ms)[0m  SHOW TABLES
Rendered shared/_flash.html.haml (1.9ms)
Rendered contacts/_get_email.html.haml (22.8ms)
  [1m[36mArticle Load (0.3ms)[0m  [1mSELECT `articles`.* FROM `articles` WHERE (publish_at <= '2011-02-01 04:43:01' and status = 'publish') ORDER BY publish_at asc[0m
Rendered collection (0.0ms)
Rendered layouts/_meta.html.haml (3.7ms)
Rendered shared/_header.html.haml (2.4ms)
Rendered shared/_footer.html.haml (2.9ms)
Rendered shared/_analytics.html.haml (1.4ms)
Rendered site/index.html.haml within layouts/home (49.8ms)
Completed 200 OK in 758ms (Views: 52.1ms | ActiveRecord: 2.2ms)


Started GET "/" for 127.0.0.1 at 2011-01-31 20:43:14 -0800
  Processing by SiteController#index as HTML
  [1m[35mUser Load (1.0ms)[0m  SELECT `users`.* FROM `users` WHERE (`users`.`id` = 1) LIMIT 1
  [1m[36mSite Load (0.3ms)[0m  [1mSELECT `sites`.* FROM `sites` LIMIT 1[0m
  [1m[35mSQL (1.3ms)[0m  SHOW TABLES
Rendered shared/_flash.html.haml (4.4ms)
Rendered contacts/_get_email.html.haml (24.3ms)
  [1m[36mArticle Load (0.3ms)[0m  [1mSELECT `articles`.* FROM `articles` WHERE (publish_at <= '2011-02-01 04:43:14' and status = 'publish') ORDER BY publish_at asc[0m
Rendered collection (0.0ms)
Rendered layouts/_meta.html.haml (5.5ms)
Rendered shared/_header.html.haml (2.6ms)
Rendered shared/_footer.html.haml (3.0ms)
Rendered shared/_analytics.html.haml (1.4ms)
Rendered site/index.html.haml within layouts/home (57.3ms)
Completed 200 OK in 462ms (Views: 59.7ms | ActiveRecord: 2.9ms)


Started GET "/" for 127.0.0.1 at 2011-01-31 20:43:27 -0800
  Processing by SiteController#index as HTML
  [1m[35mUser Load (0.3ms)[0m  SELECT `users`.* FROM `users` WHERE (`users`.`id` = 1) LIMIT 1
  [1m[36mSite Load (0.3ms)[0m  [1mSELECT `sites`.* FROM `sites` LIMIT 1[0m
  [1m[35mSQL (1.3ms)[0m  SHOW TABLES
Rendered shared/_flash.html.haml (2.1ms)
Rendered contacts/_get_email.html.haml (27.3ms)
  [1m[36mArticle Load (0.3ms)[0m  [1mSELECT `articles`.* FROM `articles` WHERE (publish_at <= '2011-02-01 04:43:27' and status = 'publish') ORDER BY publish_at asc[0m
Rendered collection (0.0ms)
Rendered layouts/_meta.html.haml (43.5ms)
Rendered shared/_header.html.haml (2.5ms)
Rendered shared/_footer.html.haml (2.9ms)
Rendered shared/_analytics.html.haml (1.4ms)
Rendered site/index.html.haml within layouts/home (96.6ms)
Completed 200 OK in 464ms (Views: 98.9ms | ActiveRecord: 2.2ms)


Started GET "/blog" for 127.0.0.1 at 2011-01-31 20:43:52 -0800
  Processing by BlogController#index as HTML
  [1m[35mUser Load (17.0ms)[0m  SELECT `users`.* FROM `users` WHERE (`users`.`id` = 1) LIMIT 1
  [1m[36mSite Load (0.3ms)[0m  [1mSELECT `sites`.* FROM `sites` LIMIT 1[0m
  [1m[35mSQL (1.4ms)[0m  SHOW TABLES
  [1m[36mActsAsTaggableOn::Tag Load (2.4ms)[0m  [1mSELECT tags.*, COUNT(*) AS count FROM `tags` LEFT OUTER JOIN taggings ON tags.id = taggings.tag_id AND taggings.context = 'topics' INNER JOIN articles ON articles.id = taggings.taggable_id WHERE (taggings.taggable_type = 'Article') AND (taggings.taggable_id IN(SELECT articles.id FROM `articles`)) GROUP BY tags.id, tags.name HAVING COUNT(*) > 0[0m
  [1m[35mArticle Load (0.2ms)[0m  SELECT `articles`.* FROM `articles` WHERE (publish_at <= '2011-02-01 04:43:52' and status = 'publish') ORDER BY publish_at desc
  [1m[36mArticle Load (0.4ms)[0m  [1mselect month(publish_at) as month, year(publish_at) as year from articles group by month(publish_at) [0m
  [1m[35mCACHE (0.0ms)[0m  SELECT `articles`.* FROM `articles` WHERE (publish_at <= '2011-02-01 04:43:52' and status = 'publish') ORDER BY publish_at desc
Rendered blog/_sidebar.html.haml (8.4ms)
Rendered layouts/_meta.html.haml (4.0ms)
Rendered shared/_header.html.haml (2.6ms)
Rendered shared/_flash.html.haml (2.1ms)
Rendered shared/_footer.html.haml (3.0ms)
Rendered shared/_analytics.html.haml (1.5ms)
Rendered blog/index.html.haml within layouts/application (39.6ms)
Completed 200 OK in 418ms (Views: 53.3ms | ActiveRecord: 21.7ms)


Started GET "/contacts/new" for 127.0.0.1 at 2011-01-31 20:43:54 -0800
  Processing by ContactsController#new as HTML
  [1m[36mUser Load (0.2ms)[0m  [1mSELECT `users`.* FROM `users` WHERE (`users`.`id` = 1) LIMIT 1[0m
  [1m[35mSite Load (0.3ms)[0m  SELECT `sites`.* FROM `sites` LIMIT 1
Rendered contacts/_form.html.haml (9.8ms)
Rendered layouts/_meta.html.haml (3.9ms)
Rendered shared/_header.html.haml (2.4ms)
Rendered shared/_footer.html.haml (2.8ms)
Rendered shared/_analytics.html.haml (1.4ms)
Rendered contacts/new.html.haml within layouts/underground (30.1ms)
Completed 200 OK in 272ms (Views: 32.7ms | ActiveRecord: 0.5ms)


Started GET "/" for 127.0.0.1 at 2011-01-31 20:50:04 -0800
  Processing by SiteController#index as HTML
  [1m[36mUser Load (0.3ms)[0m  [1mSELECT `users`.* FROM `users` WHERE (`users`.`id` = 1) LIMIT 1[0m
  [1m[35mSite Load (0.3ms)[0m  SELECT `sites`.* FROM `sites` LIMIT 1
  [1m[36mSQL (1.6ms)[0m  [1mSHOW TABLES[0m
Rendered shared/_flash.html.haml (1.9ms)
Rendered contacts/_get_email.html.haml (22.3ms)
  [1m[35mArticle Load (0.3ms)[0m  SELECT `articles`.* FROM `articles` WHERE (publish_at <= '2011-02-01 04:50:04' and status = 'publish') ORDER BY publish_at asc
Rendered collection (0.0ms)
Rendered layouts/_meta.html.haml (38.1ms)
Rendered shared/_header.html.haml (2.6ms)
Rendered shared/_footer.html.haml (2.9ms)
Rendered shared/_analytics.html.haml (1.4ms)
Rendered site/index.html.haml within layouts/home (83.9ms)
Completed 200 OK in 406ms (Views: 86.4ms | ActiveRecord: 2.5ms)


Started GET "/blog" for 127.0.0.1 at 2011-01-31 20:50:08 -0800
  Processing by BlogController#index as HTML
  [1m[36mUser Load (22.3ms)[0m  [1mSELECT `users`.* FROM `users` WHERE (`users`.`id` = 1) LIMIT 1[0m
  [1m[35mSite Load (0.3ms)[0m  SELECT `sites`.* FROM `sites` LIMIT 1
  [1m[36mSQL (1.3ms)[0m  [1mSHOW TABLES[0m
  [1m[35mActsAsTaggableOn::Tag Load (1.3ms)[0m  SELECT tags.*, COUNT(*) AS count FROM `tags` LEFT OUTER JOIN taggings ON tags.id = taggings.tag_id AND taggings.context = 'topics' INNER JOIN articles ON articles.id = taggings.taggable_id WHERE (taggings.taggable_type = 'Article') AND (taggings.taggable_id IN(SELECT articles.id FROM `articles`)) GROUP BY tags.id, tags.name HAVING COUNT(*) > 0
  [1m[36mArticle Load (0.2ms)[0m  [1mSELECT `articles`.* FROM `articles` WHERE (publish_at <= '2011-02-01 04:50:09' and status = 'publish') ORDER BY publish_at desc[0m
  [1m[35mArticle Load (0.1ms)[0m  select month(publish_at) as month, year(publish_at) as year from articles group by month(publish_at) 
  [1m[36mCACHE (0.0ms)[0m  [1mSELECT `articles`.* FROM `articles` WHERE (publish_at <= '2011-02-01 04:50:09' and status = 'publish') ORDER BY publish_at desc[0m
Rendered blog/_sidebar.html.haml (7.6ms)
Rendered layouts/_meta.html.haml (4.2ms)
Rendered shared/_header.html.haml (2.5ms)
Rendered shared/_flash.html.haml (1.8ms)
Rendered shared/_footer.html.haml (3.0ms)
Rendered shared/_analytics.html.haml (1.5ms)
Rendered blog/index.html.haml within layouts/application (35.4ms)
Completed 200 OK in 375ms (Views: 44.4ms | ActiveRecord: 25.6ms)


Started GET "/blog" for 127.0.0.1 at 2011-01-31 20:50:11 -0800
  Processing by BlogController#index as HTML
  [1m[35mUser Load (0.2ms)[0m  SELECT `users`.* FROM `users` WHERE (`users`.`id` = 1) LIMIT 1
  [1m[36mSite Load (0.3ms)[0m  [1mSELECT `sites`.* FROM `sites` LIMIT 1[0m
  [1m[35mSQL (1.3ms)[0m  SHOW TABLES
  [1m[36mActsAsTaggableOn::Tag Load (1.4ms)[0m  [1mSELECT tags.*, COUNT(*) AS count FROM `tags` LEFT OUTER JOIN taggings ON tags.id = taggings.tag_id AND taggings.context = 'topics' INNER JOIN articles ON articles.id = taggings.taggable_id WHERE (taggings.taggable_type = 'Article') AND (taggings.taggable_id IN(SELECT articles.id FROM `articles`)) GROUP BY tags.id, tags.name HAVING COUNT(*) > 0[0m
  [1m[35mArticle Load (0.2ms)[0m  SELECT `articles`.* FROM `articles` WHERE (publish_at <= '2011-02-01 04:50:11' and status = 'publish') ORDER BY publish_at desc
  [1m[36mArticle Load (0.2ms)[0m  [1mselect month(publish_at) as month, year(publish_at) as year from articles group by month(publish_at) [0m
  [1m[35mCACHE (0.0ms)[0m  SELECT `articles`.* FROM `articles` WHERE (publish_at <= '2011-02-01 04:50:11' and status = 'publish') ORDER BY publish_at desc
Rendered blog/_sidebar.html.haml (9.5ms)
Rendered layouts/_meta.html.haml (3.9ms)
Rendered shared/_header.html.haml (2.4ms)
Rendered shared/_flash.html.haml (1.9ms)
Rendered shared/_footer.html.haml (3.9ms)
Rendered shared/_analytics.html.haml (1.5ms)
Rendered blog/index.html.haml within layouts/application (76.0ms)
Completed 200 OK in 381ms (Views: 85.3ms | ActiveRecord: 3.6ms)


Started GET "/blog" for 127.0.0.1 at 2011-01-31 20:50:11 -0800
  Processing by BlogController#index as HTML
  [1m[36mUser Load (0.3ms)[0m  [1mSELECT `users`.* FROM `users` WHERE (`users`.`id` = 1) LIMIT 1[0m
  [1m[35mSite Load (0.3ms)[0m  SELECT `sites`.* FROM `sites` LIMIT 1
  [1m[36mSQL (1.6ms)[0m  [1mSHOW TABLES[0m
  [1m[35mActsAsTaggableOn::Tag Load (1.3ms)[0m  SELECT tags.*, COUNT(*) AS count FROM `tags` LEFT OUTER JOIN taggings ON tags.id = taggings.tag_id AND taggings.context = 'topics' INNER JOIN articles ON articles.id = taggings.taggable_id WHERE (taggings.taggable_type = 'Article') AND (taggings.taggable_id IN(SELECT articles.id FROM `articles`)) GROUP BY tags.id, tags.name HAVING COUNT(*) > 0
  [1m[36mArticle Load (0.2ms)[0m  [1mSELECT `articles`.* FROM `articles` WHERE (publish_at <= '2011-02-01 04:50:12' and status = 'publish') ORDER BY publish_at desc[0m
  [1m[35mArticle Load (0.2ms)[0m  select month(publish_at) as month, year(publish_at) as year from articles group by month(publish_at) 
  [1m[36mCACHE (0.0ms)[0m  [1mSELECT `articles`.* FROM `articles` WHERE (publish_at <= '2011-02-01 04:50:12' and status = 'publish') ORDER BY publish_at desc[0m
Rendered blog/_sidebar.html.haml (7.7ms)
Rendered layouts/_meta.html.haml (3.9ms)
Rendered shared/_header.html.haml (2.4ms)
Rendered shared/_flash.html.haml (1.9ms)
Rendered shared/_footer.html.haml (2.9ms)
Rendered shared/_analytics.html.haml (1.5ms)
Rendered blog/index.html.haml within layouts/application (35.0ms)
Completed 200 OK in 357ms (Views: 44.3ms | ActiveRecord: 3.8ms)


Started GET "/blog" for 127.0.0.1 at 2011-01-31 20:50:13 -0800
  Processing by BlogController#index as HTML
  [1m[35mUser Load (0.3ms)[0m  SELECT `users`.* FROM `users` WHERE (`users`.`id` = 1) LIMIT 1
  [1m[36mSite Load (0.3ms)[0m  [1mSELECT `sites`.* FROM `sites` LIMIT 1[0m
  [1m[35mSQL (1.4ms)[0m  SHOW TABLES
  [1m[36mActsAsTaggableOn::Tag Load (1.3ms)[0m  [1mSELECT tags.*, COUNT(*) AS count FROM `tags` LEFT OUTER JOIN taggings ON tags.id = taggings.tag_id AND taggings.context = 'topics' INNER JOIN articles ON articles.id = taggings.taggable_id WHERE (taggings.taggable_type = 'Article') AND (taggings.taggable_id IN(SELECT articles.id FROM `articles`)) GROUP BY tags.id, tags.name HAVING COUNT(*) > 0[0m
  [1m[35mArticle Load (0.2ms)[0m  SELECT `articles`.* FROM `articles` WHERE (publish_at <= '2011-02-01 04:50:13' and status = 'publish') ORDER BY publish_at desc
  [1m[36mArticle Load (0.1ms)[0m  [1mselect month(publish_at) as month, year(publish_at) as year from articles group by month(publish_at) [0m
  [1m[35mCACHE (0.0ms)[0m  SELECT `articles`.* FROM `articles` WHERE (publish_at <= '2011-02-01 04:50:13' and status = 'publish') ORDER BY publish_at desc
Rendered blog/_sidebar.html.haml (7.8ms)
Rendered layouts/_meta.html.haml (40.7ms)
Rendered shared/_header.html.haml (2.5ms)
Rendered shared/_flash.html.haml (2.3ms)
Rendered shared/_footer.html.haml (3.3ms)
Rendered shared/_analytics.html.haml (1.4ms)
Rendered blog/index.html.haml within layouts/application (75.4ms)
Completed 200 OK in 387ms (Views: 84.2ms | ActiveRecord: 3.5ms)


Started GET "/" for 127.0.0.1 at 2011-01-31 22:39:20 -0800
  Processing by SiteController#index as HTML
  [1m[36mUser Load (14.8ms)[0m  [1mSELECT `users`.* FROM `users` WHERE (`users`.`id` = 1) LIMIT 1[0m
  [1m[35mSite Load (0.3ms)[0m  SELECT `sites`.* FROM `sites` LIMIT 1
  [1m[36mSQL (79.2ms)[0m  [1mSHOW TABLES[0m
Rendered shared/_flash.html.haml (2.4ms)
Rendered contacts/_get_email.html.haml (23.2ms)
  [1m[35mArticle Load (0.3ms)[0m  SELECT `articles`.* FROM `articles` WHERE (publish_at <= '2011-02-01 06:39:21' and status = 'publish') ORDER BY publish_at asc
Rendered collection (0.0ms)
Rendered layouts/_meta.html.haml (4.1ms)
Rendered shared/_header.html.haml (2.7ms)
Rendered shared/_footer.html.haml (38.7ms)
Rendered shared/_analytics.html.haml (1.5ms)
Rendered site/index.html.haml within layouts/home (103.8ms)
Completed 200 OK in 588ms (Views: 162.8ms | ActiveRecord: 94.6ms)


Started GET "/blog" for 127.0.0.1 at 2011-01-31 22:39:31 -0800
  Processing by BlogController#index as HTML
  [1m[36mUser Load (0.2ms)[0m  [1mSELECT `users`.* FROM `users` WHERE (`users`.`id` = 1) LIMIT 1[0m
  [1m[35mSite Load (0.3ms)[0m  SELECT `sites`.* FROM `sites` LIMIT 1
  [1m[36mSQL (1.3ms)[0m  [1mSHOW TABLES[0m
  [1m[35mActsAsTaggableOn::Tag Load (1.2ms)[0m  SELECT tags.*, COUNT(*) AS count FROM `tags` LEFT OUTER JOIN taggings ON tags.id = taggings.tag_id AND taggings.context = 'topics' INNER JOIN articles ON articles.id = taggings.taggable_id WHERE (taggings.taggable_type = 'Article') AND (taggings.taggable_id IN(SELECT articles.id FROM `articles`)) GROUP BY tags.id, tags.name HAVING COUNT(*) > 0
  [1m[36mArticle Load (0.2ms)[0m  [1mSELECT `articles`.* FROM `articles` WHERE (publish_at <= '2011-02-01 06:39:31' and status = 'publish') ORDER BY publish_at desc[0m
  [1m[35mArticle Load (0.2ms)[0m  select month(publish_at) as month, year(publish_at) as year from articles group by month(publish_at) 
  [1m[36mCACHE (0.0ms)[0m  [1mSELECT `articles`.* FROM `articles` WHERE (publish_at <= '2011-02-01 06:39:31' and status = 'publish') ORDER BY publish_at desc[0m
Rendered blog/_sidebar.html.haml (8.5ms)
Rendered layouts/_meta.html.haml (4.0ms)
Rendered shared/_header.html.haml (2.6ms)
Rendered shared/_flash.html.haml (1.9ms)
Rendered shared/_footer.html.haml (4.3ms)
Rendered shared/_analytics.html.haml (1.7ms)
Rendered blog/index.html.haml within layouts/application (47.0ms)
Completed 200 OK in 437ms (Views: 118.8ms | ActiveRecord: 3.5ms)


Started GET "/blog" for 127.0.0.1 at 2011-01-31 22:39:33 -0800
  Processing by BlogController#index as HTML
  [1m[35mUser Load (0.2ms)[0m  SELECT `users`.* FROM `users` WHERE (`users`.`id` = 1) LIMIT 1
  [1m[36mSite Load (0.3ms)[0m  [1mSELECT `sites`.* FROM `sites` LIMIT 1[0m
  [1m[35mSQL (1.3ms)[0m  SHOW TABLES
  [1m[36mActsAsTaggableOn::Tag Load (1.3ms)[0m  [1mSELECT tags.*, COUNT(*) AS count FROM `tags` LEFT OUTER JOIN taggings ON tags.id = taggings.tag_id AND taggings.context = 'topics' INNER JOIN articles ON articles.id = taggings.taggable_id WHERE (taggings.taggable_type = 'Article') AND (taggings.taggable_id IN(SELECT articles.id FROM `articles`)) GROUP BY tags.id, tags.name HAVING COUNT(*) > 0[0m
  [1m[35mArticle Load (0.2ms)[0m  SELECT `articles`.* FROM `articles` WHERE (publish_at <= '2011-02-01 06:39:33' and status = 'publish') ORDER BY publish_at desc
  [1m[36mArticle Load (0.2ms)[0m  [1mselect month(publish_at) as month, year(publish_at) as year from articles group by month(publish_at) [0m
  [1m[35mCACHE (0.0ms)[0m  SELECT `articles`.* FROM `articles` WHERE (publish_at <= '2011-02-01 06:39:33' and status = 'publish') ORDER BY publish_at desc
Rendered blog/_sidebar.html.haml (7.9ms)
Rendered layouts/_meta.html.haml (3.8ms)
Rendered shared/_header.html.haml (2.4ms)
Rendered shared/_flash.html.haml (2.0ms)
Rendered shared/_footer.html.haml (2.9ms)
Rendered shared/_analytics.html.haml (1.4ms)
Rendered blog/index.html.haml within layouts/application (36.1ms)
Completed 200 OK in 355ms (Views: 45.5ms | ActiveRecord: 3.4ms)


Started GET "/" for 127.0.0.1 at 2011-01-31 22:39:39 -0800
  Processing by SiteController#index as HTML
  [1m[36mUser Load (0.3ms)[0m  [1mSELECT `users`.* FROM `users` WHERE (`users`.`id` = 1) LIMIT 1[0m
  [1m[35mSite Load (0.3ms)[0m  SELECT `sites`.* FROM `sites` LIMIT 1
  [1m[36mSQL (1.3ms)[0m  [1mSHOW TABLES[0m
Rendered shared/_flash.html.haml (1.9ms)
Rendered contacts/_get_email.html.haml (22.7ms)
  [1m[35mArticle Load (0.6ms)[0m  SELECT `articles`.* FROM `articles` WHERE (publish_at <= '2011-02-01 06:39:40' and status = 'publish') ORDER BY publish_at asc
Rendered collection (0.0ms)
Rendered layouts/_meta.html.haml (5.9ms)
Rendered shared/_header.html.haml (2.6ms)
Rendered shared/_footer.html.haml (4.3ms)
Rendered shared/_analytics.html.haml (1.5ms)
Rendered site/index.html.haml within layouts/home (54.4ms)
Completed 200 OK in 363ms (Views: 56.6ms | ActiveRecord: 2.4ms)
